Using pre-set license
Built from '2021.3/staging' branch; Version is '2021.3.26f1 (a16dc32e0ff2) revision 10579395'; Using compiler version '192829333'; Build Type 'Release'
OS: 'Windows 10  (10.0.19045) 64bit Professional' Language: 'zh' Physical Memory: 65277 MB
BatchMode: 1, IsHumanControllingUs: 0, StartBugReporterOnCrash: 0, Is64bit: 1, IsPro: 1

COMMAND LINE ARGUMENTS:
C:\Program Files\Unity\Hub\Editor\2021.3.26f1\Editor\Unity.exe
-adb2
-batchMode
-noUpm
-name
AssetImportWorker0
-projectPath
C:/Users/pt/Desktop/YaoYu_3D_Hand_Unity/module/Hand_MRTK_KC
-logFile
Logs/AssetImportWorker0.log
-srvPort
5730
Successfully changed project path to: C:/Users/pt/Desktop/YaoYu_3D_Hand_Unity/module/Hand_MRTK_KC
C:/Users/pt/Desktop/YaoYu_3D_Hand_Unity/module/Hand_MRTK_KC
[UnityMemory] Configuration Parameters - Can be set up in boot.config
    "memorysetup-bucket-allocator-granularity=16"
    "memorysetup-bucket-allocator-bucket-count=8"
    "memorysetup-bucket-allocator-block-size=33554432"
    "memorysetup-bucket-allocator-block-count=8"
    "memorysetup-main-allocator-block-size=16777216"
    "memorysetup-thread-allocator-block-size=16777216"
    "memorysetup-gfx-main-allocator-block-size=16777216"
    "memorysetup-gfx-thread-allocator-block-size=16777216"
    "memorysetup-cache-allocator-block-size=4194304"
    "memorysetup-typetree-allocator-block-size=2097152"
    "memorysetup-profiler-bucket-allocator-granularity=16"
    "memorysetup-profiler-bucket-allocator-bucket-count=8"
    "memorysetup-profiler-bucket-allocator-block-size=33554432"
    "memorysetup-profiler-bucket-allocator-block-count=8"
    "memorysetup-profiler-allocator-block-size=16777216"
    "memorysetup-profiler-editor-allocator-block-size=1048576"
    "memorysetup-temp-allocator-size-main=16777216"
    "memorysetup-job-temp-allocator-block-size=2097152"
    "memorysetup-job-temp-allocator-block-size-background=1048576"
    "memorysetup-job-temp-allocator-reduction-small-platforms=262144"
    "memorysetup-temp-allocator-size-background-worker=32768"
    "memorysetup-temp-allocator-size-job-worker=262144"
    "memorysetup-temp-allocator-size-preload-manager=33554432"
    "memorysetup-temp-allocator-size-nav-mesh-worker=65536"
    "memorysetup-temp-allocator-size-audio-worker=65536"
    "memorysetup-temp-allocator-size-cloud-worker=32768"
    "memorysetup-temp-allocator-size-gi-baking-worker=262144"
    "memorysetup-temp-allocator-size-gfx=262144"
Player connection [4984] Host "[IP] 172.21.160.1 [Port] 0 [Flags] 2 [Guid] 2468793363 [EditorId] 2468793363 [Version] 1048832 [Id] WindowsEditor(7,DESKTOP-DJGGQ39) [Debug] 1 [PackageName] WindowsEditor [ProjectName] Editor" joined multi-casting on [225.0.0.222:54997]...

Player connection [4984] Host "[IP] 172.21.160.1 [Port] 0 [Flags] 2 [Guid] 2468793363 [EditorId] 2468793363 [Version] 1048832 [Id] WindowsEditor(7,DESKTOP-DJGGQ39) [Debug] 1 [PackageName] WindowsEditor [ProjectName] Editor" joined alternative multi-casting on [225.0.0.222:34997]...

Refreshing native plugins compatible for Editor in 75.63 ms, found 9 plugins.
Preloading 0 native plugins for Editor in 0.00 ms.
Initialize engine version: 2021.3.26f1 (a16dc32e0ff2)
[Subsystems] Discovering subsystems at path C:/Program Files/Unity/Hub/Editor/2021.3.26f1/Editor/Data/Resources/UnitySubsystems
[Subsystems] Discovering subsystems at path C:/Users/pt/Desktop/YaoYu_3D_Hand_Unity/module/Hand_MRTK_KC/Assets
GfxDevice: creating device client; threaded=0; jobified=0
Direct3D:
    Version:  Direct3D 11.0 [level 11.1]
    Renderer: NVIDIA GeForce RTX 3090 Ti (ID=0x2203)
    Vendor:   NVIDIA
    VRAM:     24313 MB
    Driver:   32.0.15.5599
Initialize mono
Mono path[0] = 'C:/Program Files/Unity/Hub/Editor/2021.3.26f1/Editor/Data/Managed'
Mono path[1] = 'C:/Program Files/Unity/Hub/Editor/2021.3.26f1/Editor/Data/MonoBleedingEdge/lib/mono/unityjit-win32'
Mono config path = 'C:/Program Files/Unity/Hub/Editor/2021.3.26f1/Editor/Data/MonoBleedingEdge/etc'
Using monoOptions --debugger-agent=transport=dt_socket,embedding=1,server=y,suspend=n,address=127.0.0.1:56552
Begin MonoManager ReloadAssembly
Registering precompiled unity dll's ...
Register platform support module: C:/Program Files/Unity/Hub/Editor/2021.3.26f1/Editor/Data/PlaybackEngines/AndroidPlayer/UnityEditor.Android.Extensions.dll
Register platform support module: C:/Program Files/Unity/Hub/Editor/2021.3.26f1/Editor/Data/PlaybackEngines/WindowsStandaloneSupport/UnityEditor.WindowsStandalone.Extensions.dll
Register platform support module: C:/Program Files/Unity/Hub/Editor/2021.3.26f1/Editor/Data/PlaybackEngines/MetroSupport/UnityEditor.UWP.Extensions.dll
Registered in 0.008747 seconds.
Native extension for UWP target not found
Native extension for WindowsStandalone target not found
Native extension for Android target not found
Android Extension - Scanning For ADB Devices 247 ms
Refreshing native plugins compatible for Editor in 62.08 ms, found 9 plugins.
Preloading 0 native plugins for Editor in 0.00 ms.
Mono: successfully reloaded assembly
- Completed reload, in  0.943 seconds
Domain Reload Profiling:
	ReloadAssembly (944ms)
		BeginReloadAssembly (66ms)
			ExecutionOrderSort (0ms)
			DisableScriptedObjects (0ms)
			BackupInstance (0ms)
			ReleaseScriptingObjects (0ms)
			CreateAndSetChildDomain (0ms)
		EndReloadAssembly (770ms)
			LoadAssemblies (66ms)
			RebuildTransferFunctionScriptingTraits (0ms)
			SetupTypeCache (111ms)
			ReleaseScriptCaches (0ms)
			RebuildScriptCaches (34ms)
			SetupLoadedEditorAssemblies (564ms)
				LogAssemblyErrors (0ms)
				InitializePlatformSupportModulesInManaged (354ms)
				SetLoadedEditorAssemblies (0ms)
				RefreshPlugins (62ms)
				BeforeProcessingInitializeOnLoad (1ms)
				ProcessInitializeOnLoadAttributes (98ms)
				ProcessInitializeOnLoadMethodAttributes (48ms)
				AfterProcessingInitializeOnLoad (0ms)
				EditorAssembliesLoaded (0ms)
			ExecutionOrderSort2 (0ms)
			AwakeInstancesAfterBackupRestoration (0ms)
Platform modules already initialized, skipping
Registering precompiled user dll's ...
Registered in 0.007426 seconds.
Begin MonoManager ReloadAssembly
Native extension for UWP target not found
Native extension for WindowsStandalone target not found
Native extension for Android target not found
Refreshing native plugins compatible for Editor in 69.97 ms, found 9 plugins.
Preloading 0 native plugins for Editor in 0.00 ms.
Package Manager log level set to [2]
Mono: successfully reloaded assembly
- Completed reload, in  1.519 seconds
Domain Reload Profiling:
	ReloadAssembly (1520ms)
		BeginReloadAssembly (113ms)
			ExecutionOrderSort (0ms)
			DisableScriptedObjects (7ms)
			BackupInstance (0ms)
			ReleaseScriptingObjects (0ms)
			CreateAndSetChildDomain (19ms)
		EndReloadAssembly (1298ms)
			LoadAssemblies (97ms)
			RebuildTransferFunctionScriptingTraits (0ms)
			SetupTypeCache (254ms)
			ReleaseScriptCaches (1ms)
			RebuildScriptCaches (93ms)
			SetupLoadedEditorAssemblies (777ms)
				LogAssemblyErrors (0ms)
				InitializePlatformSupportModulesInManaged (25ms)
				SetLoadedEditorAssemblies (0ms)
				RefreshPlugins (70ms)
				BeforeProcessingInitializeOnLoad (129ms)
				ProcessInitializeOnLoadAttributes (477ms)
				ProcessInitializeOnLoadMethodAttributes (66ms)
				AfterProcessingInitializeOnLoad (8ms)
				EditorAssembliesLoaded (0ms)
			ExecutionOrderSort2 (0ms)
			AwakeInstancesAfterBackupRestoration (7ms)
Platform modules already initialized, skipping
========================================================================
Worker process is ready to serve import requests
Launched and connected shader compiler UnityShaderCompiler.exe after 0.03 seconds
Refreshing native plugins compatible for Editor in 0.67 ms, found 9 plugins.
Preloading 0 native plugins for Editor in 0.00 ms.
Unloading 4193 Unused Serialized files (Serialized files now loaded: 0)
Unloading 50 unused Assets / (374.1 KB). Loaded Objects now: 4681.
Memory consumption went from 177.8 MB to 177.5 MB.
Total: 2.434900 ms (FindLiveObjects: 0.183700 ms CreateObjectMapping: 0.099300 ms MarkObjects: 2.062200 ms  DeleteObjects: 0.089000 ms)

AssetImportParameters requested are different than current active one (requested -> active):
  custom:video-decoder-ogg-theora: a1e56fd34408186e4bbccfd4996cb3dc -> 
  custom:container-muxer-webm: aa71ff27fc2769a1b78a27578f13a17b -> 
  custom:container-demuxer-webm: 4f35f7cbe854078d1ac9338744f61a02 -> 
  custom:video-encoder-webm-vp8: eb34c28f22e8b96e1ab97ce403110664 -> 
  custom:audio-encoder-webm-vorbis: bf7c407c2cedff20999df2af8eb42d56 -> 
  custom:framework-win-MediaFoundation: 216162199b28c13a410421893ffa2e32 -> 
  custom:container-demuxer-ogg: 62fdf1f143b41e24485cea50d1cbac27 -> 
  custom:video-decoder-webm-vp8: 9c59270c3fd7afecdb556c50c9e8de78 -> 
  custom:audio-decoder-ogg-vorbis: bf7c407c2cedff20999df2af8eb42d56 -> 
========================================================================
Received Import Request.
  Time since last request: 1014466.720673 seconds.
  path: Assets/Fii/Prefab/KC_FingerCursor.prefab
  artifactKey: Guid(93c8756556052634d9a5e1a737576d78) Importer(815301076,1909f56bfc062723c751e8b465ee728b)
Start importing Assets/Fii/Prefab/KC_FingerCursor.prefab using Guid(93c8756556052634d9a5e1a737576d78) Importer(815301076,1909f56bfc062723c751e8b465ee728b)  -> (artifact id: '4e7f1910b2efb6b4d958eff12ec7b269') in 0.062011 seconds 
========================================================================
Received Import Request.
  Time since last request: 792.738524 seconds.
  path: Assets/Fii/Prefab/KC_FingerCursor.prefab
  artifactKey: Guid(93c8756556052634d9a5e1a737576d78) Importer(815301076,1909f56bfc062723c751e8b465ee728b)
Start importing Assets/Fii/Prefab/KC_FingerCursor.prefab using Guid(93c8756556052634d9a5e1a737576d78) Importer(815301076,1909f56bfc062723c751e8b465ee728b)  -> (artifact id: 'f9cc16c2aee3b53a0232575593ae5915') in 0.013142 seconds 
========================================================================
Received Prepare
Refreshing native plugins compatible for Editor in 17.53 ms, found 9 plugins.
Preloading 0 native plugins for Editor in 0.00 ms.
Unloading 40 Unused Serialized files (Serialized files now loaded: 0)
Unloading 40 unused Assets / (108.8 KB). Loaded Objects now: 4689.
Memory consumption went from 90.6 MB to 90.5 MB.
Total: 4.536800 ms (FindLiveObjects: 0.458800 ms CreateObjectMapping: 0.159400 ms MarkObjects: 3.815300 ms  DeleteObjects: 0.102300 ms)

AssetImportParameters requested are different than current active one (requested -> active):
  custom:video-decoder-ogg-theora: a1e56fd34408186e4bbccfd4996cb3dc -> 
  custom:container-muxer-webm: aa71ff27fc2769a1b78a27578f13a17b -> 
  custom:container-demuxer-webm: 4f35f7cbe854078d1ac9338744f61a02 -> 
  custom:video-encoder-webm-vp8: eb34c28f22e8b96e1ab97ce403110664 -> 
  custom:audio-encoder-webm-vorbis: bf7c407c2cedff20999df2af8eb42d56 -> 
  custom:framework-win-MediaFoundation: 216162199b28c13a410421893ffa2e32 -> 
  custom:container-demuxer-ogg: 62fdf1f143b41e24485cea50d1cbac27 -> 
  custom:video-decoder-webm-vp8: 9c59270c3fd7afecdb556c50c9e8de78 -> 
  custom:audio-decoder-ogg-vorbis: bf7c407c2cedff20999df2af8eb42d56 -> 
========================================================================
Received Import Request.
  Time since last request: 431.707886 seconds.
  path: Assets/Fii/Prefab/KC_FingerCursor.prefab
  artifactKey: Guid(93c8756556052634d9a5e1a737576d78) Importer(815301076,1909f56bfc062723c751e8b465ee728b)
Start importing Assets/Fii/Prefab/KC_FingerCursor.prefab using Guid(93c8756556052634d9a5e1a737576d78) Importer(815301076,1909f56bfc062723c751e8b465ee728b)  -> (artifact id: 'a53dcbf6d3df9a43ca6db88c1d0a503a') in 0.012415 seconds 
========================================================================
Received Import Request.
  Time since last request: 16.363125 seconds.
  path: Assets/Fii/Prefab/KC_FingerCursor.prefab
  artifactKey: Guid(93c8756556052634d9a5e1a737576d78) Importer(815301076,1909f56bfc062723c751e8b465ee728b)
Start importing Assets/Fii/Prefab/KC_FingerCursor.prefab using Guid(93c8756556052634d9a5e1a737576d78) Importer(815301076,1909f56bfc062723c751e8b465ee728b)  -> (artifact id: '39a7b4e67499f67cf9436710a1fa5b7d') in 0.016205 seconds 
========================================================================
Received Import Request.
  Time since last request: 1.224418 seconds.
  path: Assets/Fii/Prefab/KC_FingerCursor.prefab
  artifactKey: Guid(93c8756556052634d9a5e1a737576d78) Importer(815301076,1909f56bfc062723c751e8b465ee728b)
Start importing Assets/Fii/Prefab/KC_FingerCursor.prefab using Guid(93c8756556052634d9a5e1a737576d78) Importer(815301076,1909f56bfc062723c751e8b465ee728b)  -> (artifact id: '4416ac66fe0f53a102c34eda9f7b4022') in 0.008298 seconds 
========================================================================
Received Import Request.
  Time since last request: 0.580532 seconds.
  path: Assets/Fii/Prefab/KC_FingerCursor.prefab
  artifactKey: Guid(93c8756556052634d9a5e1a737576d78) Importer(815301076,1909f56bfc062723c751e8b465ee728b)
Start importing Assets/Fii/Prefab/KC_FingerCursor.prefab using Guid(93c8756556052634d9a5e1a737576d78) Importer(815301076,1909f56bfc062723c751e8b465ee728b)  -> (artifact id: 'd951769cd271158220255fac0ac28aec') in 0.014892 seconds 
========================================================================
Received Prepare
Refreshing native plugins compatible for Editor in 14.66 ms, found 9 plugins.
Preloading 0 native plugins for Editor in 0.00 ms.
Unloading 40 Unused Serialized files (Serialized files now loaded: 0)
Unloading 40 unused Assets / (139.7 KB). Loaded Objects now: 4689.
Memory consumption went from 90.7 MB to 90.5 MB.
Total: 4.729200 ms (FindLiveObjects: 0.466600 ms CreateObjectMapping: 0.157400 ms MarkObjects: 3.974000 ms  DeleteObjects: 0.130200 ms)

AssetImportParameters requested are different than current active one (requested -> active):
  custom:video-decoder-ogg-theora: a1e56fd34408186e4bbccfd4996cb3dc -> 
  custom:container-muxer-webm: aa71ff27fc2769a1b78a27578f13a17b -> 
  custom:container-demuxer-webm: 4f35f7cbe854078d1ac9338744f61a02 -> 
  custom:video-encoder-webm-vp8: eb34c28f22e8b96e1ab97ce403110664 -> 
  custom:audio-encoder-webm-vorbis: bf7c407c2cedff20999df2af8eb42d56 -> 
  custom:framework-win-MediaFoundation: 216162199b28c13a410421893ffa2e32 -> 
  custom:container-demuxer-ogg: 62fdf1f143b41e24485cea50d1cbac27 -> 
  custom:video-decoder-webm-vp8: 9c59270c3fd7afecdb556c50c9e8de78 -> 
  custom:audio-decoder-ogg-vorbis: bf7c407c2cedff20999df2af8eb42d56 -> 
========================================================================
Received Import Request.
  Time since last request: 149.715138 seconds.
  path: Assets/Fii/Prefab/KC_FingerCursor.prefab
  artifactKey: Guid(93c8756556052634d9a5e1a737576d78) Importer(815301076,1909f56bfc062723c751e8b465ee728b)
Start importing Assets/Fii/Prefab/KC_FingerCursor.prefab using Guid(93c8756556052634d9a5e1a737576d78) Importer(815301076,1909f56bfc062723c751e8b465ee728b)  -> (artifact id: '35aa9263d47dbe217d86032576c3a97e') in 0.011813 seconds 
========================================================================
Received Import Request.
  Time since last request: 2.785128 seconds.
  path: Assets/Fii/Prefab/KC_FingerCursor.prefab
  artifactKey: Guid(93c8756556052634d9a5e1a737576d78) Importer(815301076,1909f56bfc062723c751e8b465ee728b)
Start importing Assets/Fii/Prefab/KC_FingerCursor.prefab using Guid(93c8756556052634d9a5e1a737576d78) Importer(815301076,1909f56bfc062723c751e8b465ee728b)  -> (artifact id: '25fa2a3b0aebca75baeb4a94a9cfe739') in 0.026611 seconds 
========================================================================
Received Import Request.
  Time since last request: 66.917227 seconds.
  path: Assets/Fii/Prefab/KC_FingerCursor.prefab
  artifactKey: Guid(93c8756556052634d9a5e1a737576d78) Importer(815301076,1909f56bfc062723c751e8b465ee728b)
Start importing Assets/Fii/Prefab/KC_FingerCursor.prefab using Guid(93c8756556052634d9a5e1a737576d78) Importer(815301076,1909f56bfc062723c751e8b465ee728b)  -> (artifact id: 'c8a16969a86394c6c4e92a215f8d9cf2') in 0.010339 seconds 
========================================================================
Received Import Request.
  Time since last request: 6.228784 seconds.
  path: Assets/Fii/Prefab/KC_FingerCursor.prefab
  artifactKey: Guid(93c8756556052634d9a5e1a737576d78) Importer(815301076,1909f56bfc062723c751e8b465ee728b)
Start importing Assets/Fii/Prefab/KC_FingerCursor.prefab using Guid(93c8756556052634d9a5e1a737576d78) Importer(815301076,1909f56bfc062723c751e8b465ee728b)  -> (artifact id: '549317829372ae19ce9dee673d1690ea') in 0.008987 seconds 
========================================================================
Received Import Request.
  Time since last request: 1.226094 seconds.
  path: Assets/Fii/Prefab/KC_FingerCursor.prefab
  artifactKey: Guid(93c8756556052634d9a5e1a737576d78) Importer(815301076,1909f56bfc062723c751e8b465ee728b)
Start importing Assets/Fii/Prefab/KC_FingerCursor.prefab using Guid(93c8756556052634d9a5e1a737576d78) Importer(815301076,1909f56bfc062723c751e8b465ee728b)  -> (artifact id: 'df4fe1b98307c6803fe16edd6f83afe7') in 0.009278 seconds 
========================================================================
Received Prepare
Refreshing native plugins compatible for Editor in 12.98 ms, found 9 plugins.
Preloading 0 native plugins for Editor in 0.00 ms.
Unloading 40 Unused Serialized files (Serialized files now loaded: 0)
Unloading 40 unused Assets / (108.8 KB). Loaded Objects now: 4689.
Memory consumption went from 90.7 MB to 90.6 MB.
Total: 4.242600 ms (FindLiveObjects: 0.456000 ms CreateObjectMapping: 0.167300 ms MarkObjects: 3.513100 ms  DeleteObjects: 0.105000 ms)

AssetImportParameters requested are different than current active one (requested -> active):
  custom:video-decoder-ogg-theora: a1e56fd34408186e4bbccfd4996cb3dc -> 
  custom:container-muxer-webm: aa71ff27fc2769a1b78a27578f13a17b -> 
  custom:container-demuxer-webm: 4f35f7cbe854078d1ac9338744f61a02 -> 
  custom:video-encoder-webm-vp8: eb34c28f22e8b96e1ab97ce403110664 -> 
  custom:audio-encoder-webm-vorbis: bf7c407c2cedff20999df2af8eb42d56 -> 
  custom:framework-win-MediaFoundation: 216162199b28c13a410421893ffa2e32 -> 
  custom:container-demuxer-ogg: 62fdf1f143b41e24485cea50d1cbac27 -> 
  custom:video-decoder-webm-vp8: 9c59270c3fd7afecdb556c50c9e8de78 -> 
  custom:audio-decoder-ogg-vorbis: bf7c407c2cedff20999df2af8eb42d56 -> 
========================================================================
Received Import Request.
  Time since last request: 136.962247 seconds.
  path: Assets/Fii/Prefab/KC_FingerCursor.prefab
  artifactKey: Guid(93c8756556052634d9a5e1a737576d78) Importer(815301076,1909f56bfc062723c751e8b465ee728b)
Start importing Assets/Fii/Prefab/KC_FingerCursor.prefab using Guid(93c8756556052634d9a5e1a737576d78) Importer(815301076,1909f56bfc062723c751e8b465ee728b)  -> (artifact id: '717a4cfe586726286c8d198af3a49dc9') in 0.009915 seconds 
========================================================================
Received Prepare
Refreshing native plugins compatible for Editor in 15.42 ms, found 9 plugins.
Preloading 0 native plugins for Editor in 0.00 ms.
Unloading 40 Unused Serialized files (Serialized files now loaded: 0)
Unloading 40 unused Assets / (139.9 KB). Loaded Objects now: 4689.
Memory consumption went from 90.7 MB to 90.6 MB.
Total: 4.427700 ms (FindLiveObjects: 0.444200 ms CreateObjectMapping: 0.147100 ms MarkObjects: 3.718700 ms  DeleteObjects: 0.116800 ms)

AssetImportParameters requested are different than current active one (requested -> active):
  custom:video-decoder-ogg-theora: a1e56fd34408186e4bbccfd4996cb3dc -> 
  custom:container-muxer-webm: aa71ff27fc2769a1b78a27578f13a17b -> 
  custom:container-demuxer-webm: 4f35f7cbe854078d1ac9338744f61a02 -> 
  custom:video-encoder-webm-vp8: eb34c28f22e8b96e1ab97ce403110664 -> 
  custom:audio-encoder-webm-vorbis: bf7c407c2cedff20999df2af8eb42d56 -> 
  custom:framework-win-MediaFoundation: 216162199b28c13a410421893ffa2e32 -> 
  custom:container-demuxer-ogg: 62fdf1f143b41e24485cea50d1cbac27 -> 
  custom:video-decoder-webm-vp8: 9c59270c3fd7afecdb556c50c9e8de78 -> 
  custom:audio-decoder-ogg-vorbis: bf7c407c2cedff20999df2af8eb42d56 -> 
========================================================================
Received Import Request.
  Time since last request: 608.934813 seconds.
  path: Assets/Fii/Prefab/TouchPointer.prefab
  artifactKey: Guid(bb0414c597d473f40ba11db5146c89dc) Importer(815301076,1909f56bfc062723c751e8b465ee728b)
Start importing Assets/Fii/Prefab/TouchPointer.prefab using Guid(bb0414c597d473f40ba11db5146c89dc) Importer(815301076,1909f56bfc062723c751e8b465ee728b)  -> (artifact id: '7cdaf31f12a8912525c9820627452814') in 0.015522 seconds 
========================================================================
Received Import Request.
  Time since last request: 5.572491 seconds.
  path: Assets/Fii/Prefab/KC_TouchPointer.prefab
  artifactKey: Guid(bb0414c597d473f40ba11db5146c89dc) Importer(815301076,1909f56bfc062723c751e8b465ee728b)
Start importing Assets/Fii/Prefab/KC_TouchPointer.prefab using Guid(bb0414c597d473f40ba11db5146c89dc) Importer(815301076,1909f56bfc062723c751e8b465ee728b)  -> (artifact id: '338f68f967640c92fa3c7e50913a7498') in 0.011674 seconds 
========================================================================
Received Import Request.
  Time since last request: 9.649239 seconds.
  path: Assets/Fii/Prefab/DefaultGazeCursor.prefab
  artifactKey: Guid(b67f39ad3dc13134d99d36ea9f307d6e) Importer(815301076,1909f56bfc062723c751e8b465ee728b)
Start importing Assets/Fii/Prefab/DefaultGazeCursor.prefab using Guid(b67f39ad3dc13134d99d36ea9f307d6e) Importer(815301076,1909f56bfc062723c751e8b465ee728b)  -> (artifact id: '859361f90eb39a80f49a7a4dddbecd35') in 0.063351 seconds 
========================================================================
Received Import Request.
  Time since last request: 6.769532 seconds.
  path: Assets/Fii/Prefab/KC_DefaultGazeCursor.prefab
  artifactKey: Guid(b67f39ad3dc13134d99d36ea9f307d6e) Importer(815301076,1909f56bfc062723c751e8b465ee728b)
Start importing Assets/Fii/Prefab/KC_DefaultGazeCursor.prefab using Guid(b67f39ad3dc13134d99d36ea9f307d6e) Importer(815301076,1909f56bfc062723c751e8b465ee728b)  -> (artifact id: '300f751523e1a5c61b0d55d81c1db879') in 0.035777 seconds 
========================================================================
Received Import Request.
  Time since last request: 48.319483 seconds.
  path: Assets/Fii/Prefab/KC_TouchPointer.prefab
  artifactKey: Guid(bb0414c597d473f40ba11db5146c89dc) Importer(815301076,1909f56bfc062723c751e8b465ee728b)
Start importing Assets/Fii/Prefab/KC_TouchPointer.prefab using Guid(bb0414c597d473f40ba11db5146c89dc) Importer(815301076,1909f56bfc062723c751e8b465ee728b)  -> (artifact id: 'e113dde6ee5e934bb73100dafd26045e') in 0.006718 seconds 
========================================================================
Received Import Request.
  Time since last request: 5.408580 seconds.
  path: Assets/Fii/Prefab/KC_TouchPointer.prefab
  artifactKey: Guid(bb0414c597d473f40ba11db5146c89dc) Importer(815301076,1909f56bfc062723c751e8b465ee728b)
Start importing Assets/Fii/Prefab/KC_TouchPointer.prefab using Guid(bb0414c597d473f40ba11db5146c89dc) Importer(815301076,1909f56bfc062723c751e8b465ee728b)  -> (artifact id: '35e93981502e276724acd7fcfdcbe8e0') in 0.006454 seconds 
========================================================================
Received Prepare
Refreshing native plugins compatible for Editor in 11.74 ms, found 9 plugins.
Preloading 0 native plugins for Editor in 0.00 ms.
Unloading 40 Unused Serialized files (Serialized files now loaded: 0)
Unloading 40 unused Assets / (108.7 KB). Loaded Objects now: 4689.
Memory consumption went from 91.9 MB to 91.8 MB.
Total: 4.297700 ms (FindLiveObjects: 0.464400 ms CreateObjectMapping: 0.141500 ms MarkObjects: 3.559900 ms  DeleteObjects: 0.131000 ms)

AssetImportParameters requested are different than current active one (requested -> active):
  custom:video-decoder-ogg-theora: a1e56fd34408186e4bbccfd4996cb3dc -> 
  custom:container-muxer-webm: aa71ff27fc2769a1b78a27578f13a17b -> 
  custom:container-demuxer-webm: 4f35f7cbe854078d1ac9338744f61a02 -> 
  custom:video-encoder-webm-vp8: eb34c28f22e8b96e1ab97ce403110664 -> 
  custom:audio-encoder-webm-vorbis: bf7c407c2cedff20999df2af8eb42d56 -> 
  custom:framework-win-MediaFoundation: 216162199b28c13a410421893ffa2e32 -> 
  custom:container-demuxer-ogg: 62fdf1f143b41e24485cea50d1cbac27 -> 
  custom:video-decoder-webm-vp8: 9c59270c3fd7afecdb556c50c9e8de78 -> 
  custom:audio-decoder-ogg-vorbis: bf7c407c2cedff20999df2af8eb42d56 -> 
========================================================================
Received Import Request.
  Time since last request: 207.625406 seconds.
  path: Assets/Fii/Prefab/KC_TouchPointer.prefab
  artifactKey: Guid(bb0414c597d473f40ba11db5146c89dc) Importer(815301076,1909f56bfc062723c751e8b465ee728b)
Start importing Assets/Fii/Prefab/KC_TouchPointer.prefab using Guid(bb0414c597d473f40ba11db5146c89dc) Importer(815301076,1909f56bfc062723c751e8b465ee728b)  -> (artifact id: 'c4ac0a065a9da12287bc9e8f9360774f') in 0.008271 seconds 
========================================================================
Received Import Request.
  Time since last request: 15.352635 seconds.
  path: Assets/Fii/Prefab/KC_DefaultGazeCursor.prefab
  artifactKey: Guid(b67f39ad3dc13134d99d36ea9f307d6e) Importer(815301076,1909f56bfc062723c751e8b465ee728b)
Start importing Assets/Fii/Prefab/KC_DefaultGazeCursor.prefab using Guid(b67f39ad3dc13134d99d36ea9f307d6e) Importer(815301076,1909f56bfc062723c751e8b465ee728b)  -> (artifact id: '9e353de55b619dcba2d323238d0627a3') in 0.026652 seconds 
========================================================================
Received Import Request.
  Time since last request: 0.175807 seconds.
  path: Assets/Fii/Prefab/KC_DefaultGazeCursor.prefab
  artifactKey: Guid(b67f39ad3dc13134d99d36ea9f307d6e) Importer(815301076,1909f56bfc062723c751e8b465ee728b)
Start importing Assets/Fii/Prefab/KC_DefaultGazeCursor.prefab using Guid(b67f39ad3dc13134d99d36ea9f307d6e) Importer(815301076,1909f56bfc062723c751e8b465ee728b)  -> (artifact id: '217c91e459007176b02cb13de52d00a0') in 0.026299 seconds 
========================================================================
Received Prepare
Refreshing native plugins compatible for Editor in 16.89 ms, found 9 plugins.
Preloading 0 native plugins for Editor in 0.00 ms.
Unloading 40 Unused Serialized files (Serialized files now loaded: 0)
Unloading 40 unused Assets / (124.3 KB). Loaded Objects now: 4689.
Memory consumption went from 92.7 MB to 92.6 MB.
Total: 5.136100 ms (FindLiveObjects: 0.688400 ms CreateObjectMapping: 0.177900 ms MarkObjects: 4.115000 ms  DeleteObjects: 0.153200 ms)

AssetImportParameters requested are different than current active one (requested -> active):
  custom:video-decoder-ogg-theora: a1e56fd34408186e4bbccfd4996cb3dc -> 
  custom:container-muxer-webm: aa71ff27fc2769a1b78a27578f13a17b -> 
  custom:container-demuxer-webm: 4f35f7cbe854078d1ac9338744f61a02 -> 
  custom:video-encoder-webm-vp8: eb34c28f22e8b96e1ab97ce403110664 -> 
  custom:audio-encoder-webm-vorbis: bf7c407c2cedff20999df2af8eb42d56 -> 
  custom:framework-win-MediaFoundation: 216162199b28c13a410421893ffa2e32 -> 
  custom:container-demuxer-ogg: 62fdf1f143b41e24485cea50d1cbac27 -> 
  custom:video-decoder-webm-vp8: 9c59270c3fd7afecdb556c50c9e8de78 -> 
  custom:audio-decoder-ogg-vorbis: bf7c407c2cedff20999df2af8eb42d56 -> 
========================================================================
Received Prepare
Refreshing native plugins compatible for Editor in 13.68 ms, found 9 plugins.
Preloading 0 native plugins for Editor in 0.00 ms.
Unloading 40 Unused Serialized files (Serialized files now loaded: 0)
Unloading 40 unused Assets / (108.8 KB). Loaded Objects now: 4689.
Memory consumption went from 92.7 MB to 92.6 MB.
Total: 4.176300 ms (FindLiveObjects: 0.647200 ms CreateObjectMapping: 0.139700 ms MarkObjects: 3.283100 ms  DeleteObjects: 0.105500 ms)

AssetImportParameters requested are different than current active one (requested -> active):
  custom:video-decoder-ogg-theora: a1e56fd34408186e4bbccfd4996cb3dc -> 
  custom:container-muxer-webm: aa71ff27fc2769a1b78a27578f13a17b -> 
  custom:container-demuxer-webm: 4f35f7cbe854078d1ac9338744f61a02 -> 
  custom:video-encoder-webm-vp8: eb34c28f22e8b96e1ab97ce403110664 -> 
  custom:audio-encoder-webm-vorbis: bf7c407c2cedff20999df2af8eb42d56 -> 
  custom:framework-win-MediaFoundation: 216162199b28c13a410421893ffa2e32 -> 
  custom:container-demuxer-ogg: 62fdf1f143b41e24485cea50d1cbac27 -> 
  custom:video-decoder-webm-vp8: 9c59270c3fd7afecdb556c50c9e8de78 -> 
  custom:audio-decoder-ogg-vorbis: bf7c407c2cedff20999df2af8eb42d56 -> 
========================================================================
Received Prepare
Refreshing native plugins compatible for Editor in 12.59 ms, found 9 plugins.
Preloading 0 native plugins for Editor in 0.00 ms.
Unloading 40 Unused Serialized files (Serialized files now loaded: 0)
Unloading 40 unused Assets / (124.2 KB). Loaded Objects now: 4689.
Memory consumption went from 92.8 MB to 92.7 MB.
Total: 4.969700 ms (FindLiveObjects: 0.691700 ms CreateObjectMapping: 0.186000 ms MarkObjects: 3.961700 ms  DeleteObjects: 0.129100 ms)

AssetImportParameters requested are different than current active one (requested -> active):
  custom:video-decoder-ogg-theora: a1e56fd34408186e4bbccfd4996cb3dc -> 
  custom:container-muxer-webm: aa71ff27fc2769a1b78a27578f13a17b -> 
  custom:container-demuxer-webm: 4f35f7cbe854078d1ac9338744f61a02 -> 
  custom:video-encoder-webm-vp8: eb34c28f22e8b96e1ab97ce403110664 -> 
  custom:audio-encoder-webm-vorbis: bf7c407c2cedff20999df2af8eb42d56 -> 
  custom:framework-win-MediaFoundation: 216162199b28c13a410421893ffa2e32 -> 
  custom:container-demuxer-ogg: 62fdf1f143b41e24485cea50d1cbac27 -> 
  custom:video-decoder-webm-vp8: 9c59270c3fd7afecdb556c50c9e8de78 -> 
  custom:audio-decoder-ogg-vorbis: bf7c407c2cedff20999df2af8eb42d56 -> 
========================================================================
Received Import Request.
  Time since last request: 350.678234 seconds.
  path: Assets/Fii/Prefab/KC_PokePointer.prefab
  artifactKey: Guid(6f9912c2b5f7fbb4b9516b94caf02ba3) Importer(815301076,1909f56bfc062723c751e8b465ee728b)
Start importing Assets/Fii/Prefab/KC_PokePointer.prefab using Guid(6f9912c2b5f7fbb4b9516b94caf02ba3) Importer(815301076,1909f56bfc062723c751e8b465ee728b)  -> (artifact id: '67dcad40c9b3534aa44a08748020dab1') in 0.014226 seconds 
========================================================================
Received Prepare
Refreshing native plugins compatible for Editor in 14.29 ms, found 9 plugins.
Preloading 0 native plugins for Editor in 0.00 ms.
Unloading 40 Unused Serialized files (Serialized files now loaded: 0)
Unloading 40 unused Assets / (124.3 KB). Loaded Objects now: 4689.
Memory consumption went from 92.9 MB to 92.7 MB.
Total: 5.586800 ms (FindLiveObjects: 0.636800 ms CreateObjectMapping: 0.149700 ms MarkObjects: 4.316000 ms  DeleteObjects: 0.483000 ms)

AssetImportParameters requested are different than current active one (requested -> active):
  custom:video-decoder-ogg-theora: a1e56fd34408186e4bbccfd4996cb3dc -> 
  custom:container-muxer-webm: aa71ff27fc2769a1b78a27578f13a17b -> 
  custom:container-demuxer-webm: 4f35f7cbe854078d1ac9338744f61a02 -> 
  custom:video-encoder-webm-vp8: eb34c28f22e8b96e1ab97ce403110664 -> 
  custom:audio-encoder-webm-vorbis: bf7c407c2cedff20999df2af8eb42d56 -> 
  custom:framework-win-MediaFoundation: 216162199b28c13a410421893ffa2e32 -> 
  custom:container-demuxer-ogg: 62fdf1f143b41e24485cea50d1cbac27 -> 
  custom:video-decoder-webm-vp8: 9c59270c3fd7afecdb556c50c9e8de78 -> 
  custom:audio-decoder-ogg-vorbis: bf7c407c2cedff20999df2af8eb42d56 -> 
========================================================================
Received Import Request.
  Time since last request: 270.056111 seconds.
  path: Assets/Fii/Prefab/KC_PokePointer.prefab
  artifactKey: Guid(6f9912c2b5f7fbb4b9516b94caf02ba3) Importer(815301076,1909f56bfc062723c751e8b465ee728b)
Start importing Assets/Fii/Prefab/KC_PokePointer.prefab using Guid(6f9912c2b5f7fbb4b9516b94caf02ba3) Importer(815301076,1909f56bfc062723c751e8b465ee728b)  -> (artifact id: '193e14558fe19f305d1a87d42d13ef1e') in 0.010212 seconds 
========================================================================
Received Import Request.
  Time since last request: 0.566623 seconds.
  path: Assets/Fii/Prefab/KC_PokePointer.prefab
  artifactKey: Guid(6f9912c2b5f7fbb4b9516b94caf02ba3) Importer(815301076,1909f56bfc062723c751e8b465ee728b)
Start importing Assets/Fii/Prefab/KC_PokePointer.prefab using Guid(6f9912c2b5f7fbb4b9516b94caf02ba3) Importer(815301076,1909f56bfc062723c751e8b465ee728b)  -> (artifact id: '58a84d0f5546406a318299fa615e4e75') in 0.005111 seconds 
========================================================================
Received Import Request.
  Time since last request: 4.605080 seconds.
  path: Assets/Fii/Prefab/KC_PokePointer.prefab
  artifactKey: Guid(6f9912c2b5f7fbb4b9516b94caf02ba3) Importer(815301076,1909f56bfc062723c751e8b465ee728b)
Start importing Assets/Fii/Prefab/KC_PokePointer.prefab using Guid(6f9912c2b5f7fbb4b9516b94caf02ba3) Importer(815301076,1909f56bfc062723c751e8b465ee728b)  -> (artifact id: '4a5a984a152a9db1515e6dcc01987386') in 0.005082 seconds 
========================================================================
Received Import Request.
  Time since last request: 0.624826 seconds.
  path: Assets/Fii/Prefab/KC_PokePointer.prefab
  artifactKey: Guid(6f9912c2b5f7fbb4b9516b94caf02ba3) Importer(815301076,1909f56bfc062723c751e8b465ee728b)
Start importing Assets/Fii/Prefab/KC_PokePointer.prefab using Guid(6f9912c2b5f7fbb4b9516b94caf02ba3) Importer(815301076,1909f56bfc062723c751e8b465ee728b)  -> (artifact id: '6bdeb34bb35c54d23dea82e8232b9de1') in 0.005157 seconds 
========================================================================
Received Import Request.
  Time since last request: 60.569161 seconds.
  path: Assets/Fii/Prefab/KC_PokePointer.prefab
  artifactKey: Guid(6f9912c2b5f7fbb4b9516b94caf02ba3) Importer(815301076,1909f56bfc062723c751e8b465ee728b)
Start importing Assets/Fii/Prefab/KC_PokePointer.prefab using Guid(6f9912c2b5f7fbb4b9516b94caf02ba3) Importer(815301076,1909f56bfc062723c751e8b465ee728b)  -> (artifact id: '4b3cac645d94ca3dce9e83441ca5c3e4') in 0.005630 seconds 
========================================================================
Received Prepare
Refreshing native plugins compatible for Editor in 12.91 ms, found 9 plugins.
Preloading 0 native plugins for Editor in 0.00 ms.
Unloading 40 Unused Serialized files (Serialized files now loaded: 0)
Unloading 40 unused Assets / (139.8 KB). Loaded Objects now: 4689.
Memory consumption went from 93.0 MB to 92.8 MB.
Total: 4.788300 ms (FindLiveObjects: 0.661700 ms CreateObjectMapping: 0.174600 ms MarkObjects: 3.816300 ms  DeleteObjects: 0.134800 ms)

AssetImportParameters requested are different than current active one (requested -> active):
  custom:video-decoder-ogg-theora: a1e56fd34408186e4bbccfd4996cb3dc -> 
  custom:container-muxer-webm: aa71ff27fc2769a1b78a27578f13a17b -> 
  custom:container-demuxer-webm: 4f35f7cbe854078d1ac9338744f61a02 -> 
  custom:video-encoder-webm-vp8: eb34c28f22e8b96e1ab97ce403110664 -> 
  custom:audio-encoder-webm-vorbis: bf7c407c2cedff20999df2af8eb42d56 -> 
  custom:framework-win-MediaFoundation: 216162199b28c13a410421893ffa2e32 -> 
  custom:container-demuxer-ogg: 62fdf1f143b41e24485cea50d1cbac27 -> 
  custom:video-decoder-webm-vp8: 9c59270c3fd7afecdb556c50c9e8de78 -> 
  custom:audio-decoder-ogg-vorbis: bf7c407c2cedff20999df2af8eb42d56 -> 
========================================================================
Received Import Request.
  Time since last request: 146.834735 seconds.
  path: Assets/Fii/Prefab/KC_PokePointer.prefab
  artifactKey: Guid(6f9912c2b5f7fbb4b9516b94caf02ba3) Importer(815301076,1909f56bfc062723c751e8b465ee728b)
Start importing Assets/Fii/Prefab/KC_PokePointer.prefab using Guid(6f9912c2b5f7fbb4b9516b94caf02ba3) Importer(815301076,1909f56bfc062723c751e8b465ee728b)  -> (artifact id: 'dda0e0a32d6378c04183a08aa8ff619c') in 0.010911 seconds 
========================================================================
Received Prepare
Refreshing native plugins compatible for Editor in 15.50 ms, found 9 plugins.
Preloading 0 native plugins for Editor in 0.00 ms.
Unloading 40 Unused Serialized files (Serialized files now loaded: 0)
Unloading 40 unused Assets / (109.1 KB). Loaded Objects now: 4689.
Memory consumption went from 93.0 MB to 92.9 MB.
Total: 4.306800 ms (FindLiveObjects: 0.658900 ms CreateObjectMapping: 0.170900 ms MarkObjects: 3.366300 ms  DeleteObjects: 0.109800 ms)

AssetImportParameters requested are different than current active one (requested -> active):
  custom:video-decoder-ogg-theora: a1e56fd34408186e4bbccfd4996cb3dc -> 
  custom:container-muxer-webm: aa71ff27fc2769a1b78a27578f13a17b -> 
  custom:container-demuxer-webm: 4f35f7cbe854078d1ac9338744f61a02 -> 
  custom:video-encoder-webm-vp8: eb34c28f22e8b96e1ab97ce403110664 -> 
  custom:audio-encoder-webm-vorbis: bf7c407c2cedff20999df2af8eb42d56 -> 
  custom:framework-win-MediaFoundation: 216162199b28c13a410421893ffa2e32 -> 
  custom:container-demuxer-ogg: 62fdf1f143b41e24485cea50d1cbac27 -> 
  custom:video-decoder-webm-vp8: 9c59270c3fd7afecdb556c50c9e8de78 -> 
  custom:audio-decoder-ogg-vorbis: bf7c407c2cedff20999df2af8eb42d56 -> 
========================================================================
Received Import Request.
  Time since last request: 25.623485 seconds.
  path: Assets/Fii/Prefab/KC_PokePointer.prefab
  artifactKey: Guid(6f9912c2b5f7fbb4b9516b94caf02ba3) Importer(815301076,1909f56bfc062723c751e8b465ee728b)
Start importing Assets/Fii/Prefab/KC_PokePointer.prefab using Guid(6f9912c2b5f7fbb4b9516b94caf02ba3) Importer(815301076,1909f56bfc062723c751e8b465ee728b)  -> (artifact id: '474f33be178530f36cfac635a4a06802') in 0.009351 seconds 
========================================================================
Received Import Request.
  Time since last request: 692581.534218 seconds.
  path: Assets/Fii/Prefab/KC_ShellHandRayPointer.prefab
  artifactKey: Guid(98bc4abc5f1d2984ab69fbee0f5a1e79) Importer(815301076,1909f56bfc062723c751e8b465ee728b)
Start importing Assets/Fii/Prefab/KC_ShellHandRayPointer.prefab using Guid(98bc4abc5f1d2984ab69fbee0f5a1e79) Importer(815301076,1909f56bfc062723c751e8b465ee728b)  -> (artifact id: '4b22907b15cdc3d8eb9ed3f337b546cb') in 0.258970 seconds 
========================================================================
Received Prepare
Registering precompiled user dll's ...
Registered in 0.007612 seconds.
Begin MonoManager ReloadAssembly
Native extension for UWP target not found
Native extension for WindowsStandalone target not found
Native extension for Android target not found
Refreshing native plugins compatible for Editor in 1.13 ms, found 9 plugins.
Preloading 0 native plugins for Editor in 0.00 ms.
Mono: successfully reloaded assembly
- Completed reload, in  1.555 seconds
Domain Reload Profiling:
	ReloadAssembly (1556ms)
		BeginReloadAssembly (255ms)
			ExecutionOrderSort (0ms)
			DisableScriptedObjects (14ms)
			BackupInstance (0ms)
			ReleaseScriptingObjects (0ms)
			CreateAndSetChildDomain (82ms)
		EndReloadAssembly (1181ms)
			LoadAssemblies (141ms)
			RebuildTransferFunctionScriptingTraits (0ms)
			SetupTypeCache (275ms)
			ReleaseScriptCaches (1ms)
			RebuildScriptCaches (57ms)
			SetupLoadedEditorAssemblies (559ms)
				LogAssemblyErrors (0ms)
				InitializePlatformSupportModulesInManaged (31ms)
				SetLoadedEditorAssemblies (1ms)
				RefreshPlugins (1ms)
				BeforeProcessingInitializeOnLoad (100ms)
				ProcessInitializeOnLoadAttributes (365ms)
				ProcessInitializeOnLoadMethodAttributes (51ms)
				AfterProcessingInitializeOnLoad (11ms)
				EditorAssembliesLoaded (0ms)
			ExecutionOrderSort2 (0ms)
			AwakeInstancesAfterBackupRestoration (9ms)
Platform modules already initialized, skipping
Refreshing native plugins compatible for Editor in 7.93 ms, found 9 plugins.
Preloading 0 native plugins for Editor in 0.00 ms.
Unloading 4144 Unused Serialized files (Serialized files now loaded: 0)
Unloading 41 unused Assets / (112.2 KB). Loaded Objects now: 4692.
Memory consumption went from 173.3 MB to 173.2 MB.
Total: 4.995400 ms (FindLiveObjects: 0.450800 ms CreateObjectMapping: 0.169900 ms MarkObjects: 4.231200 ms  DeleteObjects: 0.142100 ms)

AssetImportParameters requested are different than current active one (requested -> active):
  custom:video-decoder-ogg-theora: a1e56fd34408186e4bbccfd4996cb3dc -> 
  custom:container-muxer-webm: aa71ff27fc2769a1b78a27578f13a17b -> 
  custom:container-demuxer-webm: 4f35f7cbe854078d1ac9338744f61a02 -> 
  custom:video-encoder-webm-vp8: eb34c28f22e8b96e1ab97ce403110664 -> 
  custom:audio-encoder-webm-vorbis: bf7c407c2cedff20999df2af8eb42d56 -> 
  custom:framework-win-MediaFoundation: 216162199b28c13a410421893ffa2e32 -> 
  custom:container-demuxer-ogg: 62fdf1f143b41e24485cea50d1cbac27 -> 
  custom:video-decoder-webm-vp8: 9c59270c3fd7afecdb556c50c9e8de78 -> 
  custom:audio-decoder-ogg-vorbis: bf7c407c2cedff20999df2af8eb42d56 -> 
========================================================================
Received Import Request.
  Time since last request: 38.006157 seconds.
  path: Assets/Fii/Prefab/KC_ShellHandRayPointer.prefab
  artifactKey: Guid(98bc4abc5f1d2984ab69fbee0f5a1e79) Importer(815301076,1909f56bfc062723c751e8b465ee728b)
Start importing Assets/Fii/Prefab/KC_ShellHandRayPointer.prefab using Guid(98bc4abc5f1d2984ab69fbee0f5a1e79) Importer(815301076,1909f56bfc062723c751e8b465ee728b)  -> (artifact id: 'e27558bf0f51c42249ed013b96b9613f') in 0.153423 seconds 
========================================================================
Received Import Request.
  Time since last request: 5.499488 seconds.
  path: Assets/Fii/Prefab/KC_ShellHandRayPointer.prefab
  artifactKey: Guid(98bc4abc5f1d2984ab69fbee0f5a1e79) Importer(815301076,1909f56bfc062723c751e8b465ee728b)
Start importing Assets/Fii/Prefab/KC_ShellHandRayPointer.prefab using Guid(98bc4abc5f1d2984ab69fbee0f5a1e79) Importer(815301076,1909f56bfc062723c751e8b465ee728b)  -> (artifact id: '556f734d4a34845e23a8504c42cd098c') in 0.026465 seconds 
========================================================================
Received Prepare
Registering precompiled user dll's ...
Registered in 0.007651 seconds.
Begin MonoManager ReloadAssembly
Native extension for UWP target not found
Native extension for WindowsStandalone target not found
Native extension for Android target not found
Refreshing native plugins compatible for Editor in 1.03 ms, found 9 plugins.
Preloading 0 native plugins for Editor in 0.00 ms.
Mono: successfully reloaded assembly
- Completed reload, in  1.262 seconds
Domain Reload Profiling:
	ReloadAssembly (1262ms)
		BeginReloadAssembly (152ms)
			ExecutionOrderSort (0ms)
			DisableScriptedObjects (5ms)
			BackupInstance (0ms)
			ReleaseScriptingObjects (0ms)
			CreateAndSetChildDomain (38ms)
		EndReloadAssembly (1002ms)
			LoadAssemblies (111ms)
			RebuildTransferFunctionScriptingTraits (0ms)
			SetupTypeCache (234ms)
			ReleaseScriptCaches (1ms)
			RebuildScriptCaches (52ms)
			SetupLoadedEditorAssemblies (527ms)
				LogAssemblyErrors (0ms)
				InitializePlatformSupportModulesInManaged (25ms)
				SetLoadedEditorAssemblies (1ms)
				RefreshPlugins (1ms)
				BeforeProcessingInitializeOnLoad (90ms)
				ProcessInitializeOnLoadAttributes (349ms)
				ProcessInitializeOnLoadMethodAttributes (51ms)
				AfterProcessingInitializeOnLoad (9ms)
				EditorAssembliesLoaded (0ms)
			ExecutionOrderSort2 (0ms)
			AwakeInstancesAfterBackupRestoration (8ms)
Platform modules already initialized, skipping
Refreshing native plugins compatible for Editor in 6.71 ms, found 9 plugins.
Preloading 0 native plugins for Editor in 0.00 ms.
Unloading 4144 Unused Serialized files (Serialized files now loaded: 0)
Unloading 41 unused Assets / (127.8 KB). Loaded Objects now: 4696.
Memory consumption went from 173.3 MB to 173.2 MB.
Total: 3.482500 ms (FindLiveObjects: 0.390100 ms CreateObjectMapping: 0.126700 ms MarkObjects: 2.840300 ms  DeleteObjects: 0.124300 ms)

AssetImportParameters requested are different than current active one (requested -> active):
  custom:video-decoder-ogg-theora: a1e56fd34408186e4bbccfd4996cb3dc -> 
  custom:container-muxer-webm: aa71ff27fc2769a1b78a27578f13a17b -> 
  custom:container-demuxer-webm: 4f35f7cbe854078d1ac9338744f61a02 -> 
  custom:video-encoder-webm-vp8: eb34c28f22e8b96e1ab97ce403110664 -> 
  custom:audio-encoder-webm-vorbis: bf7c407c2cedff20999df2af8eb42d56 -> 
  custom:framework-win-MediaFoundation: 216162199b28c13a410421893ffa2e32 -> 
  custom:container-demuxer-ogg: 62fdf1f143b41e24485cea50d1cbac27 -> 
  custom:video-decoder-webm-vp8: 9c59270c3fd7afecdb556c50c9e8de78 -> 
  custom:audio-decoder-ogg-vorbis: bf7c407c2cedff20999df2af8eb42d56 -> 
========================================================================
Received Prepare
Registering precompiled user dll's ...
Registered in 0.008093 seconds.
Begin MonoManager ReloadAssembly
Native extension for UWP target not found
Native extension for WindowsStandalone target not found
Native extension for Android target not found
Refreshing native plugins compatible for Editor in 1.08 ms, found 9 plugins.
Preloading 0 native plugins for Editor in 0.00 ms.
Mono: successfully reloaded assembly
- Completed reload, in  1.282 seconds
Domain Reload Profiling:
	ReloadAssembly (1283ms)
		BeginReloadAssembly (149ms)
			ExecutionOrderSort (0ms)
			DisableScriptedObjects (7ms)
			BackupInstance (0ms)
			ReleaseScriptingObjects (0ms)
			CreateAndSetChildDomain (34ms)
		EndReloadAssembly (1025ms)
			LoadAssemblies (111ms)
			RebuildTransferFunctionScriptingTraits (0ms)
			SetupTypeCache (232ms)
			ReleaseScriptCaches (1ms)
			RebuildScriptCaches (51ms)
			SetupLoadedEditorAssemblies (545ms)
				LogAssemblyErrors (0ms)
				InitializePlatformSupportModulesInManaged (26ms)
				SetLoadedEditorAssemblies (0ms)
				RefreshPlugins (1ms)
				BeforeProcessingInitializeOnLoad (94ms)
				ProcessInitializeOnLoadAttributes (357ms)
				ProcessInitializeOnLoadMethodAttributes (55ms)
				AfterProcessingInitializeOnLoad (11ms)
				EditorAssembliesLoaded (0ms)
			ExecutionOrderSort2 (0ms)
			AwakeInstancesAfterBackupRestoration (12ms)
Platform modules already initialized, skipping
Refreshing native plugins compatible for Editor in 6.77 ms, found 9 plugins.
Preloading 0 native plugins for Editor in 0.00 ms.
Unloading 4144 Unused Serialized files (Serialized files now loaded: 0)
Unloading 40 unused Assets / (142.5 KB). Loaded Objects now: 4700.
Memory consumption went from 173.4 MB to 173.2 MB.
Total: 3.603400 ms (FindLiveObjects: 0.414100 ms CreateObjectMapping: 0.129800 ms MarkObjects: 2.927700 ms  DeleteObjects: 0.130300 ms)

AssetImportParameters requested are different than current active one (requested -> active):
  custom:video-decoder-ogg-theora: a1e56fd34408186e4bbccfd4996cb3dc -> 
  custom:container-muxer-webm: aa71ff27fc2769a1b78a27578f13a17b -> 
  custom:container-demuxer-webm: 4f35f7cbe854078d1ac9338744f61a02 -> 
  custom:video-encoder-webm-vp8: eb34c28f22e8b96e1ab97ce403110664 -> 
  custom:audio-encoder-webm-vorbis: bf7c407c2cedff20999df2af8eb42d56 -> 
  custom:framework-win-MediaFoundation: 216162199b28c13a410421893ffa2e32 -> 
  custom:container-demuxer-ogg: 62fdf1f143b41e24485cea50d1cbac27 -> 
  custom:video-decoder-webm-vp8: 9c59270c3fd7afecdb556c50c9e8de78 -> 
  custom:audio-decoder-ogg-vorbis: bf7c407c2cedff20999df2af8eb42d56 -> 
========================================================================
Received Prepare
Registering precompiled user dll's ...
Registered in 0.008709 seconds.
Begin MonoManager ReloadAssembly
Native extension for UWP target not found
Native extension for WindowsStandalone target not found
Native extension for Android target not found
Refreshing native plugins compatible for Editor in 0.97 ms, found 9 plugins.
Preloading 0 native plugins for Editor in 0.00 ms.
Mono: successfully reloaded assembly
- Completed reload, in  1.284 seconds
Domain Reload Profiling:
	ReloadAssembly (1284ms)
		BeginReloadAssembly (148ms)
			ExecutionOrderSort (0ms)
			DisableScriptedObjects (6ms)
			BackupInstance (0ms)
			ReleaseScriptingObjects (0ms)
			CreateAndSetChildDomain (35ms)
		EndReloadAssembly (1018ms)
			LoadAssemblies (116ms)
			RebuildTransferFunctionScriptingTraits (0ms)
			SetupTypeCache (235ms)
			ReleaseScriptCaches (1ms)
			RebuildScriptCaches (49ms)
			SetupLoadedEditorAssemblies (538ms)
				LogAssemblyErrors (0ms)
				InitializePlatformSupportModulesInManaged (24ms)
				SetLoadedEditorAssemblies (1ms)
				RefreshPlugins (1ms)
				BeforeProcessingInitializeOnLoad (101ms)
				ProcessInitializeOnLoadAttributes (351ms)
				ProcessInitializeOnLoadMethodAttributes (52ms)
				AfterProcessingInitializeOnLoad (9ms)
				EditorAssembliesLoaded (0ms)
			ExecutionOrderSort2 (0ms)
			AwakeInstancesAfterBackupRestoration (9ms)
Platform modules already initialized, skipping
Refreshing native plugins compatible for Editor in 6.49 ms, found 9 plugins.
Preloading 0 native plugins for Editor in 0.00 ms.
Unloading 4144 Unused Serialized files (Serialized files now loaded: 0)
Unloading 40 unused Assets / (111.4 KB). Loaded Objects now: 4704.
Memory consumption went from 173.3 MB to 173.2 MB.
Total: 3.541600 ms (FindLiveObjects: 0.410000 ms CreateObjectMapping: 0.141400 ms MarkObjects: 2.868300 ms  DeleteObjects: 0.120700 ms)

AssetImportParameters requested are different than current active one (requested -> active):
  custom:video-decoder-ogg-theora: a1e56fd34408186e4bbccfd4996cb3dc -> 
  custom:container-muxer-webm: aa71ff27fc2769a1b78a27578f13a17b -> 
  custom:container-demuxer-webm: 4f35f7cbe854078d1ac9338744f61a02 -> 
  custom:video-encoder-webm-vp8: eb34c28f22e8b96e1ab97ce403110664 -> 
  custom:audio-encoder-webm-vorbis: bf7c407c2cedff20999df2af8eb42d56 -> 
  custom:framework-win-MediaFoundation: 216162199b28c13a410421893ffa2e32 -> 
  custom:container-demuxer-ogg: 62fdf1f143b41e24485cea50d1cbac27 -> 
  custom:video-decoder-webm-vp8: 9c59270c3fd7afecdb556c50c9e8de78 -> 
  custom:audio-decoder-ogg-vorbis: bf7c407c2cedff20999df2af8eb42d56 -> 
========================================================================
Received Import Request.
  Time since last request: 1362.643215 seconds.
  path: Assets/MixedRealityToolkit.YYSX/Providers/CustomProfiles/YYSX MixedRealityHandTrackingProfile.asset
  artifactKey: Guid(ef85c47656ebb954799c32e911b62b86) Importer(815301076,1909f56bfc062723c751e8b465ee728b)
Start importing Assets/MixedRealityToolkit.YYSX/Providers/CustomProfiles/YYSX MixedRealityHandTrackingProfile.asset using Guid(ef85c47656ebb954799c32e911b62b86) Importer(815301076,1909f56bfc062723c751e8b465ee728b)  -> (artifact id: 'd004b98907993db725faf7c86245e70e') in 0.122965 seconds 
========================================================================
Received Prepare
Registering precompiled user dll's ...
Registered in 0.008735 seconds.
Begin MonoManager ReloadAssembly
Native extension for UWP target not found
Native extension for WindowsStandalone target not found
Native extension for Android target not found
Refreshing native plugins compatible for Editor in 1.15 ms, found 9 plugins.
Preloading 0 native plugins for Editor in 0.00 ms.
Mono: successfully reloaded assembly
- Completed reload, in  1.267 seconds
Domain Reload Profiling:
	ReloadAssembly (1267ms)
		BeginReloadAssembly (140ms)
			ExecutionOrderSort (0ms)
			DisableScriptedObjects (6ms)
			BackupInstance (0ms)
			ReleaseScriptingObjects (0ms)
			CreateAndSetChildDomain (35ms)
		EndReloadAssembly (1018ms)
			LoadAssemblies (108ms)
			RebuildTransferFunctionScriptingTraits (0ms)
			SetupTypeCache (236ms)
			ReleaseScriptCaches (1ms)
			RebuildScriptCaches (49ms)
			SetupLoadedEditorAssemblies (537ms)
				LogAssemblyErrors (0ms)
				InitializePlatformSupportModulesInManaged (26ms)
				SetLoadedEditorAssemblies (0ms)
				RefreshPlugins (1ms)
				BeforeProcessingInitializeOnLoad (94ms)
				ProcessInitializeOnLoadAttributes (356ms)
				ProcessInitializeOnLoadMethodAttributes (51ms)
				AfterProcessingInitializeOnLoad (9ms)
				EditorAssembliesLoaded (0ms)
			ExecutionOrderSort2 (0ms)
			AwakeInstancesAfterBackupRestoration (8ms)
Platform modules already initialized, skipping
Refreshing native plugins compatible for Editor in 7.83 ms, found 9 plugins.
Preloading 0 native plugins for Editor in 0.00 ms.
Unloading 4144 Unused Serialized files (Serialized files now loaded: 0)
Unloading 40 unused Assets / (142.6 KB). Loaded Objects now: 4709.
Memory consumption went from 173.4 MB to 173.3 MB.
Total: 3.832700 ms (FindLiveObjects: 0.435100 ms CreateObjectMapping: 0.141900 ms MarkObjects: 3.119500 ms  DeleteObjects: 0.135000 ms)

AssetImportParameters requested are different than current active one (requested -> active):
  custom:video-decoder-ogg-theora: a1e56fd34408186e4bbccfd4996cb3dc -> 
  custom:container-muxer-webm: aa71ff27fc2769a1b78a27578f13a17b -> 
  custom:container-demuxer-webm: 4f35f7cbe854078d1ac9338744f61a02 -> 
  custom:video-encoder-webm-vp8: eb34c28f22e8b96e1ab97ce403110664 -> 
  custom:audio-encoder-webm-vorbis: bf7c407c2cedff20999df2af8eb42d56 -> 
  custom:framework-win-MediaFoundation: 216162199b28c13a410421893ffa2e32 -> 
  custom:container-demuxer-ogg: 62fdf1f143b41e24485cea50d1cbac27 -> 
  custom:video-decoder-webm-vp8: 9c59270c3fd7afecdb556c50c9e8de78 -> 
  custom:audio-decoder-ogg-vorbis: bf7c407c2cedff20999df2af8eb42d56 -> 
========================================================================
Received Prepare
Registering precompiled user dll's ...
Registered in 0.008287 seconds.
Begin MonoManager ReloadAssembly
Native extension for UWP target not found
Native extension for WindowsStandalone target not found
Native extension for Android target not found
Refreshing native plugins compatible for Editor in 1.07 ms, found 9 plugins.
Preloading 0 native plugins for Editor in 0.00 ms.
Mono: successfully reloaded assembly
- Completed reload, in  1.261 seconds
Domain Reload Profiling:
	ReloadAssembly (1262ms)
		BeginReloadAssembly (145ms)
			ExecutionOrderSort (0ms)
			DisableScriptedObjects (6ms)
			BackupInstance (0ms)
			ReleaseScriptingObjects (0ms)
			CreateAndSetChildDomain (32ms)
		EndReloadAssembly (1008ms)
			LoadAssemblies (112ms)
			RebuildTransferFunctionScriptingTraits (0ms)
			SetupTypeCache (230ms)
			ReleaseScriptCaches (1ms)
			RebuildScriptCaches (50ms)
			SetupLoadedEditorAssemblies (534ms)
				LogAssemblyErrors (0ms)
				InitializePlatformSupportModulesInManaged (25ms)
				SetLoadedEditorAssemblies (0ms)
				RefreshPlugins (1ms)
				BeforeProcessingInitializeOnLoad (94ms)
				ProcessInitializeOnLoadAttributes (349ms)
				ProcessInitializeOnLoadMethodAttributes (55ms)
				AfterProcessingInitializeOnLoad (9ms)
				EditorAssembliesLoaded (0ms)
			ExecutionOrderSort2 (0ms)
			AwakeInstancesAfterBackupRestoration (12ms)
Platform modules already initialized, skipping
Refreshing native plugins compatible for Editor in 6.90 ms, found 9 plugins.
Preloading 0 native plugins for Editor in 0.00 ms.
Unloading 4144 Unused Serialized files (Serialized files now loaded: 0)
Unloading 40 unused Assets / (111.6 KB). Loaded Objects now: 4713.
Memory consumption went from 173.4 MB to 173.3 MB.
Total: 3.791600 ms (FindLiveObjects: 0.446400 ms CreateObjectMapping: 0.127600 ms MarkObjects: 2.918200 ms  DeleteObjects: 0.298500 ms)

AssetImportParameters requested are different than current active one (requested -> active):
  custom:video-decoder-ogg-theora: a1e56fd34408186e4bbccfd4996cb3dc -> 
  custom:container-muxer-webm: aa71ff27fc2769a1b78a27578f13a17b -> 
  custom:container-demuxer-webm: 4f35f7cbe854078d1ac9338744f61a02 -> 
  custom:video-encoder-webm-vp8: eb34c28f22e8b96e1ab97ce403110664 -> 
  custom:audio-encoder-webm-vorbis: bf7c407c2cedff20999df2af8eb42d56 -> 
  custom:framework-win-MediaFoundation: 216162199b28c13a410421893ffa2e32 -> 
  custom:container-demuxer-ogg: 62fdf1f143b41e24485cea50d1cbac27 -> 
  custom:video-decoder-webm-vp8: 9c59270c3fd7afecdb556c50c9e8de78 -> 
  custom:audio-decoder-ogg-vorbis: bf7c407c2cedff20999df2af8eb42d56 -> 
========================================================================
Received Prepare
Registering precompiled user dll's ...
Registered in 0.008592 seconds.
Begin MonoManager ReloadAssembly
Native extension for UWP target not found
Native extension for WindowsStandalone target not found
Native extension for Android target not found
Refreshing native plugins compatible for Editor in 1.09 ms, found 9 plugins.
Preloading 0 native plugins for Editor in 0.00 ms.
Mono: successfully reloaded assembly
- Completed reload, in  1.288 seconds
Domain Reload Profiling:
	ReloadAssembly (1289ms)
		BeginReloadAssembly (149ms)
			ExecutionOrderSort (0ms)
			DisableScriptedObjects (6ms)
			BackupInstance (0ms)
			ReleaseScriptingObjects (0ms)
			CreateAndSetChildDomain (32ms)
		EndReloadAssembly (1032ms)
			LoadAssemblies (117ms)
			RebuildTransferFunctionScriptingTraits (0ms)
			SetupTypeCache (234ms)
			ReleaseScriptCaches (1ms)
			RebuildScriptCaches (51ms)
			SetupLoadedEditorAssemblies (550ms)
				LogAssemblyErrors (0ms)
				InitializePlatformSupportModulesInManaged (27ms)
				SetLoadedEditorAssemblies (0ms)
				RefreshPlugins (1ms)
				BeforeProcessingInitializeOnLoad (94ms)
				ProcessInitializeOnLoadAttributes (354ms)
				ProcessInitializeOnLoadMethodAttributes (61ms)
				AfterProcessingInitializeOnLoad (11ms)
				EditorAssembliesLoaded (0ms)
			ExecutionOrderSort2 (0ms)
			AwakeInstancesAfterBackupRestoration (9ms)
Platform modules already initialized, skipping
Refreshing native plugins compatible for Editor in 6.45 ms, found 9 plugins.
Preloading 0 native plugins for Editor in 0.00 ms.
Unloading 4144 Unused Serialized files (Serialized files now loaded: 0)
Unloading 40 unused Assets / (111.5 KB). Loaded Objects now: 4717.
Memory consumption went from 173.4 MB to 173.3 MB.
Total: 3.544400 ms (FindLiveObjects: 0.408200 ms CreateObjectMapping: 0.138900 ms MarkObjects: 2.880300 ms  DeleteObjects: 0.115800 ms)

AssetImportParameters requested are different than current active one (requested -> active):
  custom:video-decoder-ogg-theora: a1e56fd34408186e4bbccfd4996cb3dc -> 
  custom:container-muxer-webm: aa71ff27fc2769a1b78a27578f13a17b -> 
  custom:container-demuxer-webm: 4f35f7cbe854078d1ac9338744f61a02 -> 
  custom:video-encoder-webm-vp8: eb34c28f22e8b96e1ab97ce403110664 -> 
  custom:audio-encoder-webm-vorbis: bf7c407c2cedff20999df2af8eb42d56 -> 
  custom:framework-win-MediaFoundation: 216162199b28c13a410421893ffa2e32 -> 
  custom:container-demuxer-ogg: 62fdf1f143b41e24485cea50d1cbac27 -> 
  custom:video-decoder-webm-vp8: 9c59270c3fd7afecdb556c50c9e8de78 -> 
  custom:audio-decoder-ogg-vorbis: bf7c407c2cedff20999df2af8eb42d56 -> 
========================================================================
Received Prepare
Registering precompiled user dll's ...
Registered in 0.008923 seconds.
Begin MonoManager ReloadAssembly
Native extension for UWP target not found
Native extension for WindowsStandalone target not found
Native extension for Android target not found
Refreshing native plugins compatible for Editor in 1.09 ms, found 9 plugins.
Preloading 0 native plugins for Editor in 0.00 ms.
Mono: successfully reloaded assembly
- Completed reload, in  1.247 seconds
Domain Reload Profiling:
	ReloadAssembly (1248ms)
		BeginReloadAssembly (134ms)
			ExecutionOrderSort (0ms)
			DisableScriptedObjects (5ms)
			BackupInstance (0ms)
			ReleaseScriptingObjects (0ms)
			CreateAndSetChildDomain (33ms)
		EndReloadAssembly (1006ms)
			LoadAssemblies (102ms)
			RebuildTransferFunctionScriptingTraits (0ms)
			SetupTypeCache (229ms)
			ReleaseScriptCaches (1ms)
			RebuildScriptCaches (51ms)
			SetupLoadedEditorAssemblies (535ms)
				LogAssemblyErrors (0ms)
				InitializePlatformSupportModulesInManaged (25ms)
				SetLoadedEditorAssemblies (0ms)
				RefreshPlugins (1ms)
				BeforeProcessingInitializeOnLoad (93ms)
				ProcessInitializeOnLoadAttributes (350ms)
				ProcessInitializeOnLoadMethodAttributes (54ms)
				AfterProcessingInitializeOnLoad (10ms)
				EditorAssembliesLoaded (1ms)
			ExecutionOrderSort2 (0ms)
			AwakeInstancesAfterBackupRestoration (9ms)
Platform modules already initialized, skipping
Refreshing native plugins compatible for Editor in 6.84 ms, found 9 plugins.
Preloading 0 native plugins for Editor in 0.00 ms.
Unloading 4144 Unused Serialized files (Serialized files now loaded: 0)
Unloading 40 unused Assets / (111.5 KB). Loaded Objects now: 4721.
Memory consumption went from 173.4 MB to 173.3 MB.
Total: 3.625300 ms (FindLiveObjects: 0.422000 ms CreateObjectMapping: 0.129300 ms MarkObjects: 2.932800 ms  DeleteObjects: 0.140100 ms)

AssetImportParameters requested are different than current active one (requested -> active):
  custom:video-decoder-ogg-theora: a1e56fd34408186e4bbccfd4996cb3dc -> 
  custom:container-muxer-webm: aa71ff27fc2769a1b78a27578f13a17b -> 
  custom:container-demuxer-webm: 4f35f7cbe854078d1ac9338744f61a02 -> 
  custom:video-encoder-webm-vp8: eb34c28f22e8b96e1ab97ce403110664 -> 
  custom:audio-encoder-webm-vorbis: bf7c407c2cedff20999df2af8eb42d56 -> 
  custom:framework-win-MediaFoundation: 216162199b28c13a410421893ffa2e32 -> 
  custom:container-demuxer-ogg: 62fdf1f143b41e24485cea50d1cbac27 -> 
  custom:video-decoder-webm-vp8: 9c59270c3fd7afecdb556c50c9e8de78 -> 
  custom:audio-decoder-ogg-vorbis: bf7c407c2cedff20999df2af8eb42d56 -> 
========================================================================
Received Import Request.
  Time since last request: 228.053301 seconds.
  path: Packages/com.microsoft.mixedreality.toolkit.foundation/SDK/Experimental/ServiceManagers/Teleport/Prefabs/TeleportSystem.prefab
  artifactKey: Guid(79e042ff43ff8454cb6fc1aa9898435c) Importer(815301076,1909f56bfc062723c751e8b465ee728b)
Start importing Packages/com.microsoft.mixedreality.toolkit.foundation/SDK/Experimental/ServiceManagers/Teleport/Prefabs/TeleportSystem.prefab using Guid(79e042ff43ff8454cb6fc1aa9898435c) Importer(815301076,1909f56bfc062723c751e8b465ee728b)  -> (artifact id: '60b762a7731a7fe6a8a6813f054267dd') in 0.039631 seconds 
========================================================================
Received Import Request.
  Time since last request: 0.434935 seconds.
  path: Packages/com.microsoft.mixedreality.toolkit.examples/StandardAssets/Models/TheModule.fbx
  artifactKey: Guid(9b8d622e06b5ddc47bfd77b86d50527c) Importer(815301076,1909f56bfc062723c751e8b465ee728b)
Start importing Packages/com.microsoft.mixedreality.toolkit.examples/StandardAssets/Models/TheModule.fbx using Guid(9b8d622e06b5ddc47bfd77b86d50527c) Importer(815301076,1909f56bfc062723c751e8b465ee728b)  -> (artifact id: 'e647e021962a96f6a2f0e9104c5f91f5') in 0.331565 seconds 
========================================================================
Received Import Request.
  Time since last request: 0.000027 seconds.
  path: Packages/com.microsoft.mixedreality.toolkit.foundation/SDK/Features/UX/Prefabs/Panels/ToggleFeaturesPanel.prefab
  artifactKey: Guid(c0931c4da6d91ea429abedb10290dd16) Importer(815301076,1909f56bfc062723c751e8b465ee728b)
Start importing Packages/com.microsoft.mixedreality.toolkit.foundation/SDK/Features/UX/Prefabs/Panels/ToggleFeaturesPanel.prefab using Guid(c0931c4da6d91ea429abedb10290dd16) Importer(815301076,1909f56bfc062723c751e8b465ee728b)  -> (artifact id: '09899e1b0f166e3f263e76444d366cd6') in 0.612208 seconds 
========================================================================
Received Import Request.
  Time since last request: 0.000035 seconds.
  path: Packages/com.microsoft.mixedreality.toolkit.foundation/SDK/Features/UX/Interactable/Prefabs/UnityUIInteractables/UnityUIToggleButton.prefab
  artifactKey: Guid(24fcaf2789c7e264a9a6d0298d717617) Importer(815301076,1909f56bfc062723c751e8b465ee728b)
Start importing Packages/com.microsoft.mixedreality.toolkit.foundation/SDK/Features/UX/Interactable/Prefabs/UnityUIInteractables/UnityUIToggleButton.prefab using Guid(24fcaf2789c7e264a9a6d0298d717617) Importer(815301076,1909f56bfc062723c751e8b465ee728b)  -> (artifact id: '2f457f3a385649feb13540110bcc3638') in 0.059699 seconds 
========================================================================
Received Import Request.
  Time since last request: 0.000023 seconds.
  path: Packages/com.microsoft.mixedreality.toolkit.foundation/SDK/Features/UX/Interactable/Prefabs/UnityUIInteractables/UnityUIButton.prefab
  artifactKey: Guid(f15ddb9bd0bf19d478c51ea991c6a7ce) Importer(815301076,1909f56bfc062723c751e8b465ee728b)
Start importing Packages/com.microsoft.mixedreality.toolkit.foundation/SDK/Features/UX/Interactable/Prefabs/UnityUIInteractables/UnityUIButton.prefab using Guid(f15ddb9bd0bf19d478c51ea991c6a7ce) Importer(815301076,1909f56bfc062723c751e8b465ee728b)  -> (artifact id: 'd89edf8c4bbe504d966678ded0cc5fa0') in 0.020462 seconds 
========================================================================
Received Import Request.
  Time since last request: 0.000022 seconds.
  path: Packages/com.microsoft.mixedreality.toolkit.foundation/SDK/StandardAssets/Prefabs/Text/UITextSelawikSemibold.prefab
  artifactKey: Guid(49decb0e244f5d44bb735bcc4ebf67a5) Importer(815301076,1909f56bfc062723c751e8b465ee728b)
Start importing Packages/com.microsoft.mixedreality.toolkit.foundation/SDK/StandardAssets/Prefabs/Text/UITextSelawikSemibold.prefab using Guid(49decb0e244f5d44bb735bcc4ebf67a5) Importer(815301076,1909f56bfc062723c751e8b465ee728b)  -> (artifact id: '54be28efa53dc21ae1f484e5e2112989') in 0.015364 seconds 
========================================================================
Received Import Request.
  Time since last request: 2.855623 seconds.
  path: Packages/com.microsoft.mixedreality.toolkit.foundation/SDK/Features/UX/Interactable/Prefabs/Radial.prefab
  artifactKey: Guid(0f83fa6afa56ead46bbd762156f1137e) Importer(815301076,1909f56bfc062723c751e8b465ee728b)
Start importing Packages/com.microsoft.mixedreality.toolkit.foundation/SDK/Features/UX/Interactable/Prefabs/Radial.prefab using Guid(0f83fa6afa56ead46bbd762156f1137e) Importer(815301076,1909f56bfc062723c751e8b465ee728b)  -> (artifact id: '180507fbf61d36f7c0fd9be915e52c3a') in 0.059977 seconds 
========================================================================
Received Import Request.
  Time since last request: 0.000024 seconds.
  path: Packages/com.microsoft.mixedreality.toolkit.foundation/SDK/Features/UX/Prefabs/RiggedHandVisualizer/R_Hand_MRTK_Rig.fbx
  artifactKey: Guid(b64663fc62df24747a19b63a434e3490) Importer(815301076,1909f56bfc062723c751e8b465ee728b)
Start importing Packages/com.microsoft.mixedreality.toolkit.foundation/SDK/Features/UX/Prefabs/RiggedHandVisualizer/R_Hand_MRTK_Rig.fbx using Guid(b64663fc62df24747a19b63a434e3490) Importer(815301076,1909f56bfc062723c751e8b465ee728b)  -> (artifact id: '5c2dbd0b5d891819a20e8b0fdc2c3bcb') in 0.094353 seconds 
========================================================================
Received Import Request.
  Time since last request: 0.000025 seconds.
  path: Packages/com.microsoft.mixedreality.toolkit.examples/StandardAssets/Prefabs/Reticle.prefab
  artifactKey: Guid(eb3627b069d8e8044a4ce84651787f6a) Importer(815301076,1909f56bfc062723c751e8b465ee728b)
Start importing Packages/com.microsoft.mixedreality.toolkit.examples/StandardAssets/Prefabs/Reticle.prefab using Guid(eb3627b069d8e8044a4ce84651787f6a) Importer(815301076,1909f56bfc062723c751e8b465ee728b)  -> (artifact id: '7eae94e0eaa002e499617b8b4dcf3428') in 0.013492 seconds 
========================================================================
Received Import Request.
  Time since last request: 0.000039 seconds.
  path: Packages/com.microsoft.mixedreality.toolkit.foundation/SDK/Features/UX/Prefabs/ProgressIndicators/ProgressIndicatorLoadingBar.prefab
  artifactKey: Guid(57d2436112e7d424da7e9a8e41c608dc) Importer(815301076,1909f56bfc062723c751e8b465ee728b)
Start importing Packages/com.microsoft.mixedreality.toolkit.foundation/SDK/Features/UX/Prefabs/ProgressIndicators/ProgressIndicatorLoadingBar.prefab using Guid(57d2436112e7d424da7e9a8e41c608dc) Importer(815301076,1909f56bfc062723c751e8b465ee728b)  -> (artifact id: 'c27a8b4c9402d00906d07a658075a20f') in 0.056535 seconds 
========================================================================
Received Import Request.
  Time since last request: 0.402699 seconds.
  path: Packages/com.microsoft.mixedreality.toolkit.foundation/SDK/Features/UX/Interactable/Prefabs/PressableButtonUnityUI.prefab
  artifactKey: Guid(df89e360642c6fc46abbc1c2656856f6) Importer(815301076,1909f56bfc062723c751e8b465ee728b)
Start importing Packages/com.microsoft.mixedreality.toolkit.foundation/SDK/Features/UX/Interactable/Prefabs/PressableButtonUnityUI.prefab using Guid(df89e360642c6fc46abbc1c2656856f6) Importer(815301076,1909f56bfc062723c751e8b465ee728b)  -> (artifact id: 'c276cc48d0f1fb41a566ada864ec05c5') in 0.020818 seconds 
========================================================================
Received Import Request.
  Time since last request: 0.018997 seconds.
  path: Packages/com.microsoft.mixedreality.toolkit.foundation/SDK/Features/UX/Interactable/Prefabs/PressableButtonHoloLens2ToggleRadio_32x32.prefab
  artifactKey: Guid(85e78809c1c721c45b5759bb71ddf4d2) Importer(815301076,1909f56bfc062723c751e8b465ee728b)
Start importing Packages/com.microsoft.mixedreality.toolkit.foundation/SDK/Features/UX/Interactable/Prefabs/PressableButtonHoloLens2ToggleRadio_32x32.prefab using Guid(85e78809c1c721c45b5759bb71ddf4d2) Importer(815301076,1909f56bfc062723c751e8b465ee728b)  -> (artifact id: 'ec58640678a5f0a2fe53fb6decf7047b') in 0.361335 seconds 
========================================================================
Received Import Request.
  Time since last request: 0.000024 seconds.
  path: Packages/com.microsoft.mixedreality.toolkit.foundation/SDK/Features/UX/Interactable/Prefabs/PressableButtonHoloLens2Toggle_32x96.prefab
  artifactKey: Guid(cddb31fbf8857cf408fa1f503505b0a4) Importer(815301076,1909f56bfc062723c751e8b465ee728b)
Start importing Packages/com.microsoft.mixedreality.toolkit.foundation/SDK/Features/UX/Interactable/Prefabs/PressableButtonHoloLens2Toggle_32x96.prefab using Guid(cddb31fbf8857cf408fa1f503505b0a4) Importer(815301076,1909f56bfc062723c751e8b465ee728b)  -> (artifact id: 'cbebb964c6f5fc0ddb475f7e6932a027') in 0.194747 seconds 
========================================================================
Received Import Request.
  Time since last request: 0.000038 seconds.
  path: Packages/com.microsoft.mixedreality.toolkit.foundation/SDK/Features/UX/Interactable/Prefabs/PressableButtonHoloLens2Bar5H.prefab
  artifactKey: Guid(a0fcbf4c54a45dd46b279c4cb162b917) Importer(815301076,1909f56bfc062723c751e8b465ee728b)
Start importing Packages/com.microsoft.mixedreality.toolkit.foundation/SDK/Features/UX/Interactable/Prefabs/PressableButtonHoloLens2Bar5H.prefab using Guid(a0fcbf4c54a45dd46b279c4cb162b917) Importer(815301076,1909f56bfc062723c751e8b465ee728b)  -> (artifact id: '8a5cd4607fdde223aec67a8849ef53b0') in 0.209130 seconds 
========================================================================
Received Import Request.
  Time since last request: 0.000029 seconds.
  path: Packages/com.microsoft.mixedreality.toolkit.foundation/SDK/Features/UX/Interactable/Prefabs/PressableButtonHoloLens2Bar4H.prefab
  artifactKey: Guid(0e3f094e4aaceeb44b70aa90ed66c548) Importer(815301076,1909f56bfc062723c751e8b465ee728b)
Start importing Packages/com.microsoft.mixedreality.toolkit.foundation/SDK/Features/UX/Interactable/Prefabs/PressableButtonHoloLens2Bar4H.prefab using Guid(0e3f094e4aaceeb44b70aa90ed66c548) Importer(815301076,1909f56bfc062723c751e8b465ee728b)  -> (artifact id: '86d88f6fe7ab17093a0665cd49d9aae6') in 0.199292 seconds 
========================================================================
Received Import Request.
  Time since last request: 0.000034 seconds.
  path: Packages/com.microsoft.mixedreality.toolkit.foundation/SDK/Features/UX/Interactable/Prefabs/PressableButtonHoloLens2_Dwell.prefab
  artifactKey: Guid(343baf424cf9521478e8c308bc456039) Importer(815301076,1909f56bfc062723c751e8b465ee728b)
Start importing Packages/com.microsoft.mixedreality.toolkit.foundation/SDK/Features/UX/Interactable/Prefabs/PressableButtonHoloLens2_Dwell.prefab using Guid(343baf424cf9521478e8c308bc456039) Importer(815301076,1909f56bfc062723c751e8b465ee728b)  -> (artifact id: '0b9f27063e837b8ea2f12df6b63f204c') in 0.296121 seconds 
========================================================================
Received Import Request.
  Time since last request: 0.000018 seconds.
  path: Packages/com.microsoft.mixedreality.toolkit.extensions/HandPhysicsService/Prefabs/PalmKinematicBody.prefab
  artifactKey: Guid(b949bdbb320c0f046a0189c3c867b380) Importer(815301076,1909f56bfc062723c751e8b465ee728b)
Start importing Packages/com.microsoft.mixedreality.toolkit.extensions/HandPhysicsService/Prefabs/PalmKinematicBody.prefab using Guid(b949bdbb320c0f046a0189c3c867b380) Importer(815301076,1909f56bfc062723c751e8b465ee728b)  -> (artifact id: '0749a712637bffccc83c972b6e8adc94') in 0.011520 seconds 
========================================================================
Received Import Request.
  Time since last request: 0.004255 seconds.
  path: Packages/com.microsoft.mixedreality.toolkit.examples/StandardAssets/Models/PianoKeys.fbx
  artifactKey: Guid(bb0ccc5c35ed851498eb51db45d1a738) Importer(815301076,1909f56bfc062723c751e8b465ee728b)
Start importing Packages/com.microsoft.mixedreality.toolkit.examples/StandardAssets/Models/PianoKeys.fbx using Guid(bb0ccc5c35ed851498eb51db45d1a738) Importer(815301076,1909f56bfc062723c751e8b465ee728b)  -> (artifact id: '3438c0d19b3f7afc33d6624e6acb38b3') in 0.179488 seconds 
========================================================================
Received Import Request.
  Time since last request: 0.000020 seconds.
  path: Packages/com.microsoft.mixedreality.toolkit.foundation/SDK/Features/UX/Interactable/Prefabs/PressableButtonHololens2UnityUI.prefab
  artifactKey: Guid(2f626628bde0879488068de0e9f25f8d) Importer(815301076,1909f56bfc062723c751e8b465ee728b)
Start importing Packages/com.microsoft.mixedreality.toolkit.foundation/SDK/Features/UX/Interactable/Prefabs/PressableButtonHololens2UnityUI.prefab using Guid(2f626628bde0879488068de0e9f25f8d) Importer(815301076,1909f56bfc062723c751e8b465ee728b)  -> (artifact id: 'd00a05d26ebb5b4d19de6031cd8233e4') in 0.054181 seconds 
========================================================================
Received Import Request.
  Time since last request: 0.000026 seconds.
  path: Packages/com.microsoft.mixedreality.toolkit.examples/StandardAssets/Models/MRTK_Logo.glb
  artifactKey: Guid(3b33a4e5e0c7d0044a34529b0e796bab) Importer(815301076,1909f56bfc062723c751e8b465ee728b)
Start importing Packages/com.microsoft.mixedreality.toolkit.examples/StandardAssets/Models/MRTK_Logo.glb using Guid(3b33a4e5e0c7d0044a34529b0e796bab) Importer(815301076,1909f56bfc062723c751e8b465ee728b)  -> (artifact id: '46e27e9957aa0026036aed05083935ce') in 0.064177 seconds 
========================================================================
Received Import Request.
  Time since last request: 0.000036 seconds.
  path: Packages/com.microsoft.mixedreality.toolkit.foundation/SDK/Features/UX/Interactable/Prefabs/PressableButtonHoloLens2_48x48.prefab
  artifactKey: Guid(36ff76a9e7929f342915274725573e00) Importer(815301076,1909f56bfc062723c751e8b465ee728b)
Start importing Packages/com.microsoft.mixedreality.toolkit.foundation/SDK/Features/UX/Interactable/Prefabs/PressableButtonHoloLens2_48x48.prefab using Guid(36ff76a9e7929f342915274725573e00) Importer(815301076,1909f56bfc062723c751e8b465ee728b)  -> (artifact id: 'd9fd047ff92a06030dd643fb04d1e4b5') in 0.150739 seconds 
========================================================================
Received Import Request.
  Time since last request: 0.000024 seconds.
  path: Packages/com.microsoft.mixedreality.toolkit.foundation/SDK/Features/UX/Interactable/Prefabs/PressableButtonHoloLens2ToggleCheckBox_32x96.prefab
  artifactKey: Guid(bf131ef81694d6b41b6b57098e74066f) Importer(815301076,1909f56bfc062723c751e8b465ee728b)
Start importing Packages/com.microsoft.mixedreality.toolkit.foundation/SDK/Features/UX/Interactable/Prefabs/PressableButtonHoloLens2ToggleCheckBox_32x96.prefab using Guid(bf131ef81694d6b41b6b57098e74066f) Importer(815301076,1909f56bfc062723c751e8b465ee728b)  -> (artifact id: 'f0764947dc219544ac0e55268f701925') in 0.238582 seconds 
========================================================================
Received Import Request.
  Time since last request: 0.000341 seconds.
  path: Packages/com.microsoft.mixedreality.toolkit.foundation/SDK/Features/UX/Interactable/Prefabs/PressableButtonHoloLens2Bar3H.prefab
  artifactKey: Guid(13a98fb31f16fe6459056db9f73a215d) Importer(815301076,1909f56bfc062723c751e8b465ee728b)
Start importing Packages/com.microsoft.mixedreality.toolkit.foundation/SDK/Features/UX/Interactable/Prefabs/PressableButtonHoloLens2Bar3H.prefab using Guid(13a98fb31f16fe6459056db9f73a215d) Importer(815301076,1909f56bfc062723c751e8b465ee728b)  -> (artifact id: 'cf5eb6b74611ae70848977a4d146f38b') in 0.173594 seconds 
========================================================================
Received Import Request.
  Time since last request: 0.000025 seconds.
  path: Packages/com.microsoft.mixedreality.toolkit.foundation/SDK/Features/UX/Interactable/Prefabs/PressableButtonHoloLens2.prefab
  artifactKey: Guid(3f1f46cbecbe08e46a303ccfdb5b498a) Importer(815301076,1909f56bfc062723c751e8b465ee728b)
Start importing Packages/com.microsoft.mixedreality.toolkit.foundation/SDK/Features/UX/Interactable/Prefabs/PressableButtonHoloLens2.prefab using Guid(3f1f46cbecbe08e46a303ccfdb5b498a) Importer(815301076,1909f56bfc062723c751e8b465ee728b)  -> (artifact id: '236d9b70b8c71138c85b7de82b46fdbd') in 0.175250 seconds 
========================================================================
Received Import Request.
  Time since last request: 0.000027 seconds.
  path: Packages/com.microsoft.mixedreality.toolkit.foundation/SDK/Features/UX/Prefabs/Menus/NearMenu3x3.prefab
  artifactKey: Guid(d82e2f09994ad2f4fb43359bfb977f64) Importer(815301076,1909f56bfc062723c751e8b465ee728b)
Start importing Packages/com.microsoft.mixedreality.toolkit.foundation/SDK/Features/UX/Prefabs/Menus/NearMenu3x3.prefab using Guid(d82e2f09994ad2f4fb43359bfb977f64) Importer(815301076,1909f56bfc062723c751e8b465ee728b)  -> (artifact id: '00531269cc1034584cc6d5c51c616b87') in 0.309591 seconds 
========================================================================
Received Import Request.
  Time since last request: 0.000037 seconds.
  path: Packages/com.microsoft.mixedreality.toolkit.foundation/SDK/Features/UX/Prefabs/Sliders/PinchSlider.prefab
  artifactKey: Guid(1093263a89abe47499cccf7dcb08effb) Importer(815301076,1909f56bfc062723c751e8b465ee728b)
Start importing Packages/com.microsoft.mixedreality.toolkit.foundation/SDK/Features/UX/Prefabs/Sliders/PinchSlider.prefab using Guid(1093263a89abe47499cccf7dcb08effb) Importer(815301076,1909f56bfc062723c751e8b465ee728b)  -> (artifact id: 'b20c9a2ed70ff98be8e7f1bdd851b1b6') in 0.068881 seconds 
========================================================================
Received Import Request.
  Time since last request: 0.000022 seconds.
  path: Packages/com.microsoft.mixedreality.toolkit.foundation/SDK/Features/UX/Interactable/Prefabs/PressableButtonHoloLens2TextOnly_48x48.prefab
  artifactKey: Guid(daa0726e9f4321044bc455f2849304f1) Importer(815301076,1909f56bfc062723c751e8b465ee728b)
Start importing Packages/com.microsoft.mixedreality.toolkit.foundation/SDK/Features/UX/Interactable/Prefabs/PressableButtonHoloLens2TextOnly_48x48.prefab using Guid(daa0726e9f4321044bc455f2849304f1) Importer(815301076,1909f56bfc062723c751e8b465ee728b)  -> (artifact id: '5ba4f843ae54504791f64eda8e2662d0') in 0.168057 seconds 
========================================================================
Received Import Request.
  Time since last request: 0.000028 seconds.
  path: Packages/com.microsoft.mixedreality.toolkit.foundation/SDK/Features/UX/Interactable/Prefabs/PressableButtonHoloLens2Toggle.prefab
  artifactKey: Guid(64790b91b91094d49942373c4e83c237) Importer(815301076,1909f56bfc062723c751e8b465ee728b)
Start importing Packages/com.microsoft.mixedreality.toolkit.foundation/SDK/Features/UX/Interactable/Prefabs/PressableButtonHoloLens2Toggle.prefab using Guid(64790b91b91094d49942373c4e83c237) Importer(815301076,1909f56bfc062723c751e8b465ee728b)  -> (artifact id: '4b2d92a42e93b71fc563dc851d03f6a9') in 0.161035 seconds 
========================================================================
Received Import Request.
  Time since last request: 0.000035 seconds.
  path: Packages/com.microsoft.mixedreality.toolkit.foundation/SDK/Features/UX/Interactable/Prefabs/PressableButtonHoloLens2_32x96_NoLabel.prefab
  artifactKey: Guid(eb36a4319b6be77409716f5a41e6da51) Importer(815301076,1909f56bfc062723c751e8b465ee728b)
Start importing Packages/com.microsoft.mixedreality.toolkit.foundation/SDK/Features/UX/Interactable/Prefabs/PressableButtonHoloLens2_32x96_NoLabel.prefab using Guid(eb36a4319b6be77409716f5a41e6da51) Importer(815301076,1909f56bfc062723c751e8b465ee728b)  -> (artifact id: 'f69f075ec196fc8333956e4d5bf388bb') in 0.144928 seconds 
========================================================================
Received Import Request.
  Time since last request: 0.000025 seconds.
  path: Packages/com.microsoft.mixedreality.toolkit.foundation/SDK/Features/UX/Interactable/Prefabs/PressableButtonHoloLens2Toggle_48x48.prefab
  artifactKey: Guid(a267c8ffefec686408a56791a454d299) Importer(815301076,1909f56bfc062723c751e8b465ee728b)
Start importing Packages/com.microsoft.mixedreality.toolkit.foundation/SDK/Features/UX/Interactable/Prefabs/PressableButtonHoloLens2Toggle_48x48.prefab using Guid(a267c8ffefec686408a56791a454d299) Importer(815301076,1909f56bfc062723c751e8b465ee728b)  -> (artifact id: '62024512902574d5b462184fe953a1e4') in 0.160122 seconds 
Editor requested this worker to shutdown with reason: Scaling down because of idle timeout
AssetImportWorker is now disconnected from the server
Process exiting
Exiting without the bug reporter. Application will terminate with return code 0