Using pre-set license
Built from '2021.3/staging' branch; Version is '2021.3.26f1 (a16dc32e0ff2) revision 10579395'; Using compiler version '192829333'; Build Type 'Release'
OS: 'Windows 10  (10.0.19045) 64bit Professional' Language: 'zh' Physical Memory: 65277 MB
BatchMode: 1, IsHumanControllingUs: 0, StartBugReporterOnCrash: 0, Is64bit: 1, IsPro: 1

COMMAND LINE ARGUMENTS:
C:\Program Files\Unity\Hub\Editor\2021.3.26f1\Editor\Unity.exe
-adb2
-batchMode
-noUpm
-name
AssetImportWorker1
-projectPath
C:/Users/pt/Desktop/YaoYu_3D_Hand_Unity/module/Hand_MRTK_KC
-logFile
Logs/AssetImportWorker1.log
-srvPort
5730
Successfully changed project path to: C:/Users/pt/Desktop/YaoYu_3D_Hand_Unity/module/Hand_MRTK_KC
C:/Users/pt/Desktop/YaoYu_3D_Hand_Unity/module/Hand_MRTK_KC
[UnityMemory] Configuration Parameters - Can be set up in boot.config
    "memorysetup-bucket-allocator-granularity=16"
    "memorysetup-bucket-allocator-bucket-count=8"
    "memorysetup-bucket-allocator-block-size=33554432"
    "memorysetup-bucket-allocator-block-count=8"
    "memorysetup-main-allocator-block-size=16777216"
    "memorysetup-thread-allocator-block-size=16777216"
    "memorysetup-gfx-main-allocator-block-size=16777216"
    "memorysetup-gfx-thread-allocator-block-size=16777216"
    "memorysetup-cache-allocator-block-size=4194304"
    "memorysetup-typetree-allocator-block-size=2097152"
    "memorysetup-profiler-bucket-allocator-granularity=16"
    "memorysetup-profiler-bucket-allocator-bucket-count=8"
    "memorysetup-profiler-bucket-allocator-block-size=33554432"
    "memorysetup-profiler-bucket-allocator-block-count=8"
    "memorysetup-profiler-allocator-block-size=16777216"
    "memorysetup-profiler-editor-allocator-block-size=1048576"
    "memorysetup-temp-allocator-size-main=16777216"
    "memorysetup-job-temp-allocator-block-size=2097152"
    "memorysetup-job-temp-allocator-block-size-background=1048576"
    "memorysetup-job-temp-allocator-reduction-small-platforms=262144"
    "memorysetup-temp-allocator-size-background-worker=32768"
    "memorysetup-temp-allocator-size-job-worker=262144"
    "memorysetup-temp-allocator-size-preload-manager=33554432"
    "memorysetup-temp-allocator-size-nav-mesh-worker=65536"
    "memorysetup-temp-allocator-size-audio-worker=65536"
    "memorysetup-temp-allocator-size-cloud-worker=32768"
    "memorysetup-temp-allocator-size-gi-baking-worker=262144"
    "memorysetup-temp-allocator-size-gfx=262144"
Player connection [27804] Host "[IP] 172.21.160.1 [Port] 0 [Flags] 2 [Guid] 728879041 [EditorId] 728879041 [Version] 1048832 [Id] WindowsEditor(7,DESKTOP-DJGGQ39) [Debug] 1 [PackageName] WindowsEditor [ProjectName] Editor" joined multi-casting on [225.0.0.222:54997]...

Player connection [27804] Host "[IP] 172.21.160.1 [Port] 0 [Flags] 2 [Guid] 728879041 [EditorId] 728879041 [Version] 1048832 [Id] WindowsEditor(7,DESKTOP-DJGGQ39) [Debug] 1 [PackageName] WindowsEditor [ProjectName] Editor" joined alternative multi-casting on [225.0.0.222:34997]...

Refreshing native plugins compatible for Editor in 79.66 ms, found 9 plugins.
Preloading 0 native plugins for Editor in 0.00 ms.
Initialize engine version: 2021.3.26f1 (a16dc32e0ff2)
[Subsystems] Discovering subsystems at path C:/Program Files/Unity/Hub/Editor/2021.3.26f1/Editor/Data/Resources/UnitySubsystems
[Subsystems] Discovering subsystems at path C:/Users/pt/Desktop/YaoYu_3D_Hand_Unity/module/Hand_MRTK_KC/Assets
GfxDevice: creating device client; threaded=0; jobified=0
Direct3D:
    Version:  Direct3D 11.0 [level 11.1]
    Renderer: NVIDIA GeForce RTX 3090 Ti (ID=0x2203)
    Vendor:   NVIDIA
    VRAM:     24313 MB
    Driver:   32.0.15.5599
Initialize mono
Mono path[0] = 'C:/Program Files/Unity/Hub/Editor/2021.3.26f1/Editor/Data/Managed'
Mono path[1] = 'C:/Program Files/Unity/Hub/Editor/2021.3.26f1/Editor/Data/MonoBleedingEdge/lib/mono/unityjit-win32'
Mono config path = 'C:/Program Files/Unity/Hub/Editor/2021.3.26f1/Editor/Data/MonoBleedingEdge/etc'
Using monoOptions --debugger-agent=transport=dt_socket,embedding=1,server=y,suspend=n,address=127.0.0.1:56748
Begin MonoManager ReloadAssembly
Registering precompiled unity dll's ...
Register platform support module: C:/Program Files/Unity/Hub/Editor/2021.3.26f1/Editor/Data/PlaybackEngines/AndroidPlayer/UnityEditor.Android.Extensions.dll
Register platform support module: C:/Program Files/Unity/Hub/Editor/2021.3.26f1/Editor/Data/PlaybackEngines/WindowsStandaloneSupport/UnityEditor.WindowsStandalone.Extensions.dll
Register platform support module: C:/Program Files/Unity/Hub/Editor/2021.3.26f1/Editor/Data/PlaybackEngines/MetroSupport/UnityEditor.UWP.Extensions.dll
Registered in 0.009876 seconds.
Native extension for UWP target not found
Native extension for WindowsStandalone target not found
Native extension for Android target not found
Android Extension - Scanning For ADB Devices 248 ms
Refreshing native plugins compatible for Editor in 68.25 ms, found 9 plugins.
Preloading 0 native plugins for Editor in 0.00 ms.
Mono: successfully reloaded assembly
- Completed reload, in  0.983 seconds
Domain Reload Profiling:
	ReloadAssembly (983ms)
		BeginReloadAssembly (67ms)
			ExecutionOrderSort (0ms)
			DisableScriptedObjects (0ms)
			BackupInstance (0ms)
			ReleaseScriptingObjects (0ms)
			CreateAndSetChildDomain (0ms)
		EndReloadAssembly (798ms)
			LoadAssemblies (67ms)
			RebuildTransferFunctionScriptingTraits (0ms)
			SetupTypeCache (123ms)
			ReleaseScriptCaches (0ms)
			RebuildScriptCaches (34ms)
			SetupLoadedEditorAssemblies (578ms)
				LogAssemblyErrors (0ms)
				InitializePlatformSupportModulesInManaged (353ms)
				SetLoadedEditorAssemblies (0ms)
				RefreshPlugins (68ms)
				BeforeProcessingInitializeOnLoad (1ms)
				ProcessInitializeOnLoadAttributes (104ms)
				ProcessInitializeOnLoadMethodAttributes (50ms)
				AfterProcessingInitializeOnLoad (0ms)
				EditorAssembliesLoaded (0ms)
			ExecutionOrderSort2 (0ms)
			AwakeInstancesAfterBackupRestoration (0ms)
Platform modules already initialized, skipping
Registering precompiled user dll's ...
Registered in 0.007740 seconds.
Begin MonoManager ReloadAssembly
Native extension for UWP target not found
Native extension for WindowsStandalone target not found
Native extension for Android target not found
Refreshing native plugins compatible for Editor in 65.23 ms, found 9 plugins.
Preloading 0 native plugins for Editor in 0.00 ms.
Package Manager log level set to [2]
Mono: successfully reloaded assembly
- Completed reload, in  1.490 seconds
Domain Reload Profiling:
	ReloadAssembly (1491ms)
		BeginReloadAssembly (127ms)
			ExecutionOrderSort (0ms)
			DisableScriptedObjects (7ms)
			BackupInstance (0ms)
			ReleaseScriptingObjects (0ms)
			CreateAndSetChildDomain (19ms)
		EndReloadAssembly (1254ms)
			LoadAssemblies (108ms)
			RebuildTransferFunctionScriptingTraits (0ms)
			SetupTypeCache (231ms)
			ReleaseScriptCaches (1ms)
			RebuildScriptCaches (90ms)
			SetupLoadedEditorAssemblies (770ms)
				LogAssemblyErrors (0ms)
				InitializePlatformSupportModulesInManaged (22ms)
				SetLoadedEditorAssemblies (0ms)
				RefreshPlugins (65ms)
				BeforeProcessingInitializeOnLoad (117ms)
				ProcessInitializeOnLoadAttributes (490ms)
				ProcessInitializeOnLoadMethodAttributes (66ms)
				AfterProcessingInitializeOnLoad (8ms)
				EditorAssembliesLoaded (0ms)
			ExecutionOrderSort2 (0ms)
			AwakeInstancesAfterBackupRestoration (7ms)
Platform modules already initialized, skipping
========================================================================
Worker process is ready to serve import requests
Launched and connected shader compiler UnityShaderCompiler.exe after 0.03 seconds
Refreshing native plugins compatible for Editor in 0.68 ms, found 9 plugins.
Preloading 0 native plugins for Editor in 0.00 ms.
Unloading 4193 Unused Serialized files (Serialized files now loaded: 0)
Unloading 50 unused Assets / (374.1 KB). Loaded Objects now: 4681.
Memory consumption went from 177.9 MB to 177.5 MB.
Total: 2.350000 ms (FindLiveObjects: 0.193300 ms CreateObjectMapping: 0.090900 ms MarkObjects: 1.977000 ms  DeleteObjects: 0.088100 ms)

AssetImportParameters requested are different than current active one (requested -> active):
  custom:video-decoder-ogg-theora: a1e56fd34408186e4bbccfd4996cb3dc -> 
  custom:container-muxer-webm: aa71ff27fc2769a1b78a27578f13a17b -> 
  custom:container-demuxer-webm: 4f35f7cbe854078d1ac9338744f61a02 -> 
  custom:video-encoder-webm-vp8: eb34c28f22e8b96e1ab97ce403110664 -> 
  custom:audio-encoder-webm-vorbis: bf7c407c2cedff20999df2af8eb42d56 -> 
  custom:framework-win-MediaFoundation: 216162199b28c13a410421893ffa2e32 -> 
  custom:container-demuxer-ogg: 62fdf1f143b41e24485cea50d1cbac27 -> 
  custom:video-decoder-webm-vp8: 9c59270c3fd7afecdb556c50c9e8de78 -> 
  custom:audio-decoder-ogg-vorbis: bf7c407c2cedff20999df2af8eb42d56 -> 
========================================================================
Received Prepare
Refreshing native plugins compatible for Editor in 15.92 ms, found 9 plugins.
Preloading 0 native plugins for Editor in 0.00 ms.
Unloading 40 Unused Serialized files (Serialized files now loaded: 0)
Unloading 40 unused Assets / (108.8 KB). Loaded Objects now: 4681.
Memory consumption went from 90.3 MB to 90.1 MB.
Total: 4.006400 ms (FindLiveObjects: 0.446200 ms CreateObjectMapping: 0.141600 ms MarkObjects: 3.304500 ms  DeleteObjects: 0.113000 ms)

AssetImportParameters requested are different than current active one (requested -> active):
  custom:video-decoder-ogg-theora: a1e56fd34408186e4bbccfd4996cb3dc -> 
  custom:container-muxer-webm: aa71ff27fc2769a1b78a27578f13a17b -> 
  custom:container-demuxer-webm: 4f35f7cbe854078d1ac9338744f61a02 -> 
  custom:video-encoder-webm-vp8: eb34c28f22e8b96e1ab97ce403110664 -> 
  custom:audio-encoder-webm-vorbis: bf7c407c2cedff20999df2af8eb42d56 -> 
  custom:framework-win-MediaFoundation: 216162199b28c13a410421893ffa2e32 -> 
  custom:container-demuxer-ogg: 62fdf1f143b41e24485cea50d1cbac27 -> 
  custom:video-decoder-webm-vp8: 9c59270c3fd7afecdb556c50c9e8de78 -> 
  custom:audio-decoder-ogg-vorbis: bf7c407c2cedff20999df2af8eb42d56 -> 
========================================================================
Received Prepare
Refreshing native plugins compatible for Editor in 11.97 ms, found 9 plugins.
Preloading 0 native plugins for Editor in 0.00 ms.
Unloading 40 Unused Serialized files (Serialized files now loaded: 0)
Unloading 40 unused Assets / (108.8 KB). Loaded Objects now: 4681.
Memory consumption went from 90.3 MB to 90.1 MB.
Total: 4.024200 ms (FindLiveObjects: 0.454000 ms CreateObjectMapping: 0.154600 ms MarkObjects: 3.306900 ms  DeleteObjects: 0.107700 ms)

AssetImportParameters requested are different than current active one (requested -> active):
  custom:video-decoder-ogg-theora: a1e56fd34408186e4bbccfd4996cb3dc -> 
  custom:container-muxer-webm: aa71ff27fc2769a1b78a27578f13a17b -> 
  custom:container-demuxer-webm: 4f35f7cbe854078d1ac9338744f61a02 -> 
  custom:video-encoder-webm-vp8: eb34c28f22e8b96e1ab97ce403110664 -> 
  custom:audio-encoder-webm-vorbis: bf7c407c2cedff20999df2af8eb42d56 -> 
  custom:framework-win-MediaFoundation: 216162199b28c13a410421893ffa2e32 -> 
  custom:container-demuxer-ogg: 62fdf1f143b41e24485cea50d1cbac27 -> 
  custom:video-decoder-webm-vp8: 9c59270c3fd7afecdb556c50c9e8de78 -> 
  custom:audio-decoder-ogg-vorbis: bf7c407c2cedff20999df2af8eb42d56 -> 
========================================================================
Received Prepare
Refreshing native plugins compatible for Editor in 14.36 ms, found 9 plugins.
Preloading 0 native plugins for Editor in 0.00 ms.
Unloading 40 Unused Serialized files (Serialized files now loaded: 0)
Unloading 40 unused Assets / (108.8 KB). Loaded Objects now: 4681.
Memory consumption went from 90.3 MB to 90.1 MB.
Total: 3.674200 ms (FindLiveObjects: 0.450000 ms CreateObjectMapping: 0.137300 ms MarkObjects: 2.968700 ms  DeleteObjects: 0.117300 ms)

AssetImportParameters requested are different than current active one (requested -> active):
  custom:video-decoder-ogg-theora: a1e56fd34408186e4bbccfd4996cb3dc -> 
  custom:container-muxer-webm: aa71ff27fc2769a1b78a27578f13a17b -> 
  custom:container-demuxer-webm: 4f35f7cbe854078d1ac9338744f61a02 -> 
  custom:video-encoder-webm-vp8: eb34c28f22e8b96e1ab97ce403110664 -> 
  custom:audio-encoder-webm-vorbis: bf7c407c2cedff20999df2af8eb42d56 -> 
  custom:framework-win-MediaFoundation: 216162199b28c13a410421893ffa2e32 -> 
  custom:container-demuxer-ogg: 62fdf1f143b41e24485cea50d1cbac27 -> 
  custom:video-decoder-webm-vp8: 9c59270c3fd7afecdb556c50c9e8de78 -> 
  custom:audio-decoder-ogg-vorbis: bf7c407c2cedff20999df2af8eb42d56 -> 
========================================================================
Received Prepare
Refreshing native plugins compatible for Editor in 12.61 ms, found 9 plugins.
Preloading 0 native plugins for Editor in 0.00 ms.
Unloading 40 Unused Serialized files (Serialized files now loaded: 0)
Unloading 40 unused Assets / (108.8 KB). Loaded Objects now: 4681.
Memory consumption went from 90.3 MB to 90.1 MB.
Total: 4.041100 ms (FindLiveObjects: 0.469100 ms CreateObjectMapping: 0.156600 ms MarkObjects: 3.300500 ms  DeleteObjects: 0.113800 ms)

AssetImportParameters requested are different than current active one (requested -> active):
  custom:video-decoder-ogg-theora: a1e56fd34408186e4bbccfd4996cb3dc -> 
  custom:container-muxer-webm: aa71ff27fc2769a1b78a27578f13a17b -> 
  custom:container-demuxer-webm: 4f35f7cbe854078d1ac9338744f61a02 -> 
  custom:video-encoder-webm-vp8: eb34c28f22e8b96e1ab97ce403110664 -> 
  custom:audio-encoder-webm-vorbis: bf7c407c2cedff20999df2af8eb42d56 -> 
  custom:framework-win-MediaFoundation: 216162199b28c13a410421893ffa2e32 -> 
  custom:container-demuxer-ogg: 62fdf1f143b41e24485cea50d1cbac27 -> 
  custom:video-decoder-webm-vp8: 9c59270c3fd7afecdb556c50c9e8de78 -> 
  custom:audio-decoder-ogg-vorbis: bf7c407c2cedff20999df2af8eb42d56 -> 
========================================================================
Received Prepare
Refreshing native plugins compatible for Editor in 12.95 ms, found 9 plugins.
Preloading 0 native plugins for Editor in 0.00 ms.
Unloading 40 Unused Serialized files (Serialized files now loaded: 0)
Unloading 40 unused Assets / (108.8 KB). Loaded Objects now: 4681.
Memory consumption went from 90.3 MB to 90.1 MB.
Total: 4.189200 ms (FindLiveObjects: 0.487100 ms CreateObjectMapping: 0.173600 ms MarkObjects: 3.410700 ms  DeleteObjects: 0.116800 ms)

AssetImportParameters requested are different than current active one (requested -> active):
  custom:video-decoder-ogg-theora: a1e56fd34408186e4bbccfd4996cb3dc -> 
  custom:container-muxer-webm: aa71ff27fc2769a1b78a27578f13a17b -> 
  custom:container-demuxer-webm: 4f35f7cbe854078d1ac9338744f61a02 -> 
  custom:video-encoder-webm-vp8: eb34c28f22e8b96e1ab97ce403110664 -> 
  custom:audio-encoder-webm-vorbis: bf7c407c2cedff20999df2af8eb42d56 -> 
  custom:framework-win-MediaFoundation: 216162199b28c13a410421893ffa2e32 -> 
  custom:container-demuxer-ogg: 62fdf1f143b41e24485cea50d1cbac27 -> 
  custom:video-decoder-webm-vp8: 9c59270c3fd7afecdb556c50c9e8de78 -> 
  custom:audio-decoder-ogg-vorbis: bf7c407c2cedff20999df2af8eb42d56 -> 
========================================================================
Received Import Request.
  Time since last request: 1016981.268685 seconds.
  path: Assets/Fii/Prefab/KC_TouchPointer.prefab
  artifactKey: Guid(bb0414c597d473f40ba11db5146c89dc) Importer(815301076,1909f56bfc062723c751e8b465ee728b)
Start importing Assets/Fii/Prefab/KC_TouchPointer.prefab using Guid(bb0414c597d473f40ba11db5146c89dc) Importer(815301076,1909f56bfc062723c751e8b465ee728b)  -> (artifact id: 'c4ac0a065a9da12287bc9e8f9360774f') in 0.060241 seconds 
========================================================================
Received Import Request.
  Time since last request: 0.142704 seconds.
  path: Assets/Fii/Prefab/KC_TouchPointer.prefab
  artifactKey: Guid(bb0414c597d473f40ba11db5146c89dc) Importer(815301076,1909f56bfc062723c751e8b465ee728b)
Start importing Assets/Fii/Prefab/KC_TouchPointer.prefab using Guid(bb0414c597d473f40ba11db5146c89dc) Importer(815301076,1909f56bfc062723c751e8b465ee728b)  -> (artifact id: 'e8dec7b614738d6f4a62a3a209280978') in 0.007821 seconds 
========================================================================
Received Prepare
Refreshing native plugins compatible for Editor in 12.62 ms, found 9 plugins.
Preloading 0 native plugins for Editor in 0.00 ms.
Unloading 40 Unused Serialized files (Serialized files now loaded: 0)
Unloading 40 unused Assets / (108.9 KB). Loaded Objects now: 4682.
Memory consumption went from 90.4 MB to 90.3 MB.
Total: 4.174800 ms (FindLiveObjects: 0.519600 ms CreateObjectMapping: 0.155800 ms MarkObjects: 3.373900 ms  DeleteObjects: 0.124600 ms)

AssetImportParameters requested are different than current active one (requested -> active):
  custom:video-decoder-ogg-theora: a1e56fd34408186e4bbccfd4996cb3dc -> 
  custom:container-muxer-webm: aa71ff27fc2769a1b78a27578f13a17b -> 
  custom:container-demuxer-webm: 4f35f7cbe854078d1ac9338744f61a02 -> 
  custom:video-encoder-webm-vp8: eb34c28f22e8b96e1ab97ce403110664 -> 
  custom:audio-encoder-webm-vorbis: bf7c407c2cedff20999df2af8eb42d56 -> 
  custom:framework-win-MediaFoundation: 216162199b28c13a410421893ffa2e32 -> 
  custom:container-demuxer-ogg: 62fdf1f143b41e24485cea50d1cbac27 -> 
  custom:video-decoder-webm-vp8: 9c59270c3fd7afecdb556c50c9e8de78 -> 
  custom:audio-decoder-ogg-vorbis: bf7c407c2cedff20999df2af8eb42d56 -> 
========================================================================
Received Prepare
Refreshing native plugins compatible for Editor in 13.15 ms, found 9 plugins.
Preloading 0 native plugins for Editor in 0.00 ms.
Unloading 40 Unused Serialized files (Serialized files now loaded: 0)
Unloading 40 unused Assets / (108.8 KB). Loaded Objects now: 4682.
Memory consumption went from 90.4 MB to 90.3 MB.
Total: 4.412600 ms (FindLiveObjects: 0.487400 ms CreateObjectMapping: 0.176000 ms MarkObjects: 3.532200 ms  DeleteObjects: 0.215300 ms)

AssetImportParameters requested are different than current active one (requested -> active):
  custom:video-decoder-ogg-theora: a1e56fd34408186e4bbccfd4996cb3dc -> 
  custom:container-muxer-webm: aa71ff27fc2769a1b78a27578f13a17b -> 
  custom:container-demuxer-webm: 4f35f7cbe854078d1ac9338744f61a02 -> 
  custom:video-encoder-webm-vp8: eb34c28f22e8b96e1ab97ce403110664 -> 
  custom:audio-encoder-webm-vorbis: bf7c407c2cedff20999df2af8eb42d56 -> 
  custom:framework-win-MediaFoundation: 216162199b28c13a410421893ffa2e32 -> 
  custom:container-demuxer-ogg: 62fdf1f143b41e24485cea50d1cbac27 -> 
  custom:video-decoder-webm-vp8: 9c59270c3fd7afecdb556c50c9e8de78 -> 
  custom:audio-decoder-ogg-vorbis: bf7c407c2cedff20999df2af8eb42d56 -> 
========================================================================
Received Prepare
Refreshing native plugins compatible for Editor in 11.38 ms, found 9 plugins.
Preloading 0 native plugins for Editor in 0.00 ms.
Unloading 40 Unused Serialized files (Serialized files now loaded: 0)
Unloading 40 unused Assets / (108.9 KB). Loaded Objects now: 4682.
Memory consumption went from 90.4 MB to 90.3 MB.
Total: 4.463600 ms (FindLiveObjects: 0.456700 ms CreateObjectMapping: 0.158600 ms MarkObjects: 3.721800 ms  DeleteObjects: 0.125400 ms)

AssetImportParameters requested are different than current active one (requested -> active):
  custom:video-decoder-ogg-theora: a1e56fd34408186e4bbccfd4996cb3dc -> 
  custom:container-muxer-webm: aa71ff27fc2769a1b78a27578f13a17b -> 
  custom:container-demuxer-webm: 4f35f7cbe854078d1ac9338744f61a02 -> 
  custom:video-encoder-webm-vp8: eb34c28f22e8b96e1ab97ce403110664 -> 
  custom:audio-encoder-webm-vorbis: bf7c407c2cedff20999df2af8eb42d56 -> 
  custom:framework-win-MediaFoundation: 216162199b28c13a410421893ffa2e32 -> 
  custom:container-demuxer-ogg: 62fdf1f143b41e24485cea50d1cbac27 -> 
  custom:video-decoder-webm-vp8: 9c59270c3fd7afecdb556c50c9e8de78 -> 
  custom:audio-decoder-ogg-vorbis: bf7c407c2cedff20999df2af8eb42d56 -> 
========================================================================
Received Prepare
Refreshing native plugins compatible for Editor in 12.82 ms, found 9 plugins.
Preloading 0 native plugins for Editor in 0.00 ms.
Unloading 40 Unused Serialized files (Serialized files now loaded: 0)
Unloading 40 unused Assets / (108.8 KB). Loaded Objects now: 4682.
Memory consumption went from 90.4 MB to 90.3 MB.
Total: 4.254200 ms (FindLiveObjects: 0.468000 ms CreateObjectMapping: 0.169300 ms MarkObjects: 3.501500 ms  DeleteObjects: 0.114200 ms)

AssetImportParameters requested are different than current active one (requested -> active):
  custom:video-decoder-ogg-theora: a1e56fd34408186e4bbccfd4996cb3dc -> 
  custom:container-muxer-webm: aa71ff27fc2769a1b78a27578f13a17b -> 
  custom:container-demuxer-webm: 4f35f7cbe854078d1ac9338744f61a02 -> 
  custom:video-encoder-webm-vp8: eb34c28f22e8b96e1ab97ce403110664 -> 
  custom:audio-encoder-webm-vorbis: bf7c407c2cedff20999df2af8eb42d56 -> 
  custom:framework-win-MediaFoundation: 216162199b28c13a410421893ffa2e32 -> 
  custom:container-demuxer-ogg: 62fdf1f143b41e24485cea50d1cbac27 -> 
  custom:video-decoder-webm-vp8: 9c59270c3fd7afecdb556c50c9e8de78 -> 
  custom:audio-decoder-ogg-vorbis: bf7c407c2cedff20999df2af8eb42d56 -> 
========================================================================
Received Prepare
Refreshing native plugins compatible for Editor in 10.73 ms, found 9 plugins.
Preloading 0 native plugins for Editor in 0.00 ms.
Unloading 40 Unused Serialized files (Serialized files now loaded: 0)
Unloading 40 unused Assets / (108.8 KB). Loaded Objects now: 4682.
Memory consumption went from 90.4 MB to 90.3 MB.
Total: 4.293800 ms (FindLiveObjects: 0.454000 ms CreateObjectMapping: 0.139400 ms MarkObjects: 3.578600 ms  DeleteObjects: 0.120400 ms)

AssetImportParameters requested are different than current active one (requested -> active):
  custom:video-decoder-ogg-theora: a1e56fd34408186e4bbccfd4996cb3dc -> 
  custom:container-muxer-webm: aa71ff27fc2769a1b78a27578f13a17b -> 
  custom:container-demuxer-webm: 4f35f7cbe854078d1ac9338744f61a02 -> 
  custom:video-encoder-webm-vp8: eb34c28f22e8b96e1ab97ce403110664 -> 
  custom:audio-encoder-webm-vorbis: bf7c407c2cedff20999df2af8eb42d56 -> 
  custom:framework-win-MediaFoundation: 216162199b28c13a410421893ffa2e32 -> 
  custom:container-demuxer-ogg: 62fdf1f143b41e24485cea50d1cbac27 -> 
  custom:video-decoder-webm-vp8: 9c59270c3fd7afecdb556c50c9e8de78 -> 
  custom:audio-decoder-ogg-vorbis: bf7c407c2cedff20999df2af8eb42d56 -> 
========================================================================
Received Prepare
Refreshing native plugins compatible for Editor in 11.25 ms, found 9 plugins.
Preloading 0 native plugins for Editor in 0.00 ms.
Unloading 40 Unused Serialized files (Serialized files now loaded: 0)
Unloading 40 unused Assets / (108.7 KB). Loaded Objects now: 4682.
Memory consumption went from 90.4 MB to 90.3 MB.
Total: 3.974300 ms (FindLiveObjects: 0.452600 ms CreateObjectMapping: 0.159800 ms MarkObjects: 3.239200 ms  DeleteObjects: 0.121800 ms)

AssetImportParameters requested are different than current active one (requested -> active):
  custom:video-decoder-ogg-theora: a1e56fd34408186e4bbccfd4996cb3dc -> 
  custom:container-muxer-webm: aa71ff27fc2769a1b78a27578f13a17b -> 
  custom:container-demuxer-webm: 4f35f7cbe854078d1ac9338744f61a02 -> 
  custom:video-encoder-webm-vp8: eb34c28f22e8b96e1ab97ce403110664 -> 
  custom:audio-encoder-webm-vorbis: bf7c407c2cedff20999df2af8eb42d56 -> 
  custom:framework-win-MediaFoundation: 216162199b28c13a410421893ffa2e32 -> 
  custom:container-demuxer-ogg: 62fdf1f143b41e24485cea50d1cbac27 -> 
  custom:video-decoder-webm-vp8: 9c59270c3fd7afecdb556c50c9e8de78 -> 
  custom:audio-decoder-ogg-vorbis: bf7c407c2cedff20999df2af8eb42d56 -> 
========================================================================
Received Prepare
Registering precompiled user dll's ...
Registered in 0.007734 seconds.
Begin MonoManager ReloadAssembly
Native extension for UWP target not found
Native extension for WindowsStandalone target not found
Native extension for Android target not found
Refreshing native plugins compatible for Editor in 1.16 ms, found 9 plugins.
Preloading 0 native plugins for Editor in 0.00 ms.
Mono: successfully reloaded assembly
- Completed reload, in  1.554 seconds
Domain Reload Profiling:
	ReloadAssembly (1555ms)
		BeginReloadAssembly (271ms)
			ExecutionOrderSort (0ms)
			DisableScriptedObjects (19ms)
			BackupInstance (0ms)
			ReleaseScriptingObjects (0ms)
			CreateAndSetChildDomain (90ms)
		EndReloadAssembly (1162ms)
			LoadAssemblies (137ms)
			RebuildTransferFunctionScriptingTraits (0ms)
			SetupTypeCache (274ms)
			ReleaseScriptCaches (1ms)
			RebuildScriptCaches (56ms)
			SetupLoadedEditorAssemblies (559ms)
				LogAssemblyErrors (0ms)
				InitializePlatformSupportModulesInManaged (31ms)
				SetLoadedEditorAssemblies (1ms)
				RefreshPlugins (1ms)
				BeforeProcessingInitializeOnLoad (100ms)
				ProcessInitializeOnLoadAttributes (364ms)
				ProcessInitializeOnLoadMethodAttributes (52ms)
				AfterProcessingInitializeOnLoad (11ms)
				EditorAssembliesLoaded (0ms)
			ExecutionOrderSort2 (0ms)
			AwakeInstancesAfterBackupRestoration (9ms)
Platform modules already initialized, skipping
Refreshing native plugins compatible for Editor in 7.93 ms, found 9 plugins.
Preloading 0 native plugins for Editor in 0.00 ms.
Unloading 4144 Unused Serialized files (Serialized files now loaded: 0)
Unloading 40 unused Assets / (142.6 KB). Loaded Objects now: 4686.
Memory consumption went from 173.1 MB to 173.0 MB.
Total: 5.376000 ms (FindLiveObjects: 0.447500 ms CreateObjectMapping: 0.171400 ms MarkObjects: 4.570100 ms  DeleteObjects: 0.185400 ms)

AssetImportParameters requested are different than current active one (requested -> active):
  custom:video-decoder-ogg-theora: a1e56fd34408186e4bbccfd4996cb3dc -> 
  custom:container-muxer-webm: aa71ff27fc2769a1b78a27578f13a17b -> 
  custom:container-demuxer-webm: 4f35f7cbe854078d1ac9338744f61a02 -> 
  custom:video-encoder-webm-vp8: eb34c28f22e8b96e1ab97ce403110664 -> 
  custom:audio-encoder-webm-vorbis: bf7c407c2cedff20999df2af8eb42d56 -> 
  custom:framework-win-MediaFoundation: 216162199b28c13a410421893ffa2e32 -> 
  custom:container-demuxer-ogg: 62fdf1f143b41e24485cea50d1cbac27 -> 
  custom:video-decoder-webm-vp8: 9c59270c3fd7afecdb556c50c9e8de78 -> 
  custom:audio-decoder-ogg-vorbis: bf7c407c2cedff20999df2af8eb42d56 -> 
========================================================================
Received Prepare
Registering precompiled user dll's ...
Registered in 0.007336 seconds.
Begin MonoManager ReloadAssembly
Native extension for UWP target not found
Native extension for WindowsStandalone target not found
Native extension for Android target not found
Refreshing native plugins compatible for Editor in 1.11 ms, found 9 plugins.
Preloading 0 native plugins for Editor in 0.00 ms.
Mono: successfully reloaded assembly
- Completed reload, in  1.263 seconds
Domain Reload Profiling:
	ReloadAssembly (1263ms)
		BeginReloadAssembly (142ms)
			ExecutionOrderSort (0ms)
			DisableScriptedObjects (6ms)
			BackupInstance (0ms)
			ReleaseScriptingObjects (0ms)
			CreateAndSetChildDomain (34ms)
		EndReloadAssembly (1012ms)
			LoadAssemblies (110ms)
			RebuildTransferFunctionScriptingTraits (0ms)
			SetupTypeCache (235ms)
			ReleaseScriptCaches (1ms)
			RebuildScriptCaches (52ms)
			SetupLoadedEditorAssemblies (532ms)
				LogAssemblyErrors (0ms)
				InitializePlatformSupportModulesInManaged (27ms)
				SetLoadedEditorAssemblies (0ms)
				RefreshPlugins (1ms)
				BeforeProcessingInitializeOnLoad (93ms)
				ProcessInitializeOnLoadAttributes (348ms)
				ProcessInitializeOnLoadMethodAttributes (53ms)
				AfterProcessingInitializeOnLoad (9ms)
				EditorAssembliesLoaded (0ms)
			ExecutionOrderSort2 (0ms)
			AwakeInstancesAfterBackupRestoration (8ms)
Platform modules already initialized, skipping
Refreshing native plugins compatible for Editor in 7.43 ms, found 9 plugins.
Preloading 0 native plugins for Editor in 0.00 ms.
Unloading 4144 Unused Serialized files (Serialized files now loaded: 0)
Unloading 40 unused Assets / (142.4 KB). Loaded Objects now: 4690.
Memory consumption went from 173.1 MB to 173.0 MB.
Total: 3.713500 ms (FindLiveObjects: 0.459200 ms CreateObjectMapping: 0.162200 ms MarkObjects: 2.957200 ms  DeleteObjects: 0.133300 ms)

AssetImportParameters requested are different than current active one (requested -> active):
  custom:video-decoder-ogg-theora: a1e56fd34408186e4bbccfd4996cb3dc -> 
  custom:container-muxer-webm: aa71ff27fc2769a1b78a27578f13a17b -> 
  custom:container-demuxer-webm: 4f35f7cbe854078d1ac9338744f61a02 -> 
  custom:video-encoder-webm-vp8: eb34c28f22e8b96e1ab97ce403110664 -> 
  custom:audio-encoder-webm-vorbis: bf7c407c2cedff20999df2af8eb42d56 -> 
  custom:framework-win-MediaFoundation: 216162199b28c13a410421893ffa2e32 -> 
  custom:container-demuxer-ogg: 62fdf1f143b41e24485cea50d1cbac27 -> 
  custom:video-decoder-webm-vp8: 9c59270c3fd7afecdb556c50c9e8de78 -> 
  custom:audio-decoder-ogg-vorbis: bf7c407c2cedff20999df2af8eb42d56 -> 
========================================================================
Received Prepare
Registering precompiled user dll's ...
Registered in 0.008288 seconds.
Begin MonoManager ReloadAssembly
Native extension for UWP target not found
Native extension for WindowsStandalone target not found
Native extension for Android target not found
Refreshing native plugins compatible for Editor in 1.09 ms, found 9 plugins.
Preloading 0 native plugins for Editor in 0.00 ms.
Mono: successfully reloaded assembly
- Completed reload, in  1.261 seconds
Domain Reload Profiling:
	ReloadAssembly (1262ms)
		BeginReloadAssembly (133ms)
			ExecutionOrderSort (0ms)
			DisableScriptedObjects (6ms)
			BackupInstance (0ms)
			ReleaseScriptingObjects (0ms)
			CreateAndSetChildDomain (33ms)
		EndReloadAssembly (1019ms)
			LoadAssemblies (99ms)
			RebuildTransferFunctionScriptingTraits (0ms)
			SetupTypeCache (234ms)
			ReleaseScriptCaches (1ms)
			RebuildScriptCaches (51ms)
			SetupLoadedEditorAssemblies (539ms)
				LogAssemblyErrors (0ms)
				InitializePlatformSupportModulesInManaged (26ms)
				SetLoadedEditorAssemblies (0ms)
				RefreshPlugins (1ms)
				BeforeProcessingInitializeOnLoad (94ms)
				ProcessInitializeOnLoadAttributes (354ms)
				ProcessInitializeOnLoadMethodAttributes (53ms)
				AfterProcessingInitializeOnLoad (10ms)
				EditorAssembliesLoaded (0ms)
			ExecutionOrderSort2 (0ms)
			AwakeInstancesAfterBackupRestoration (9ms)
Platform modules already initialized, skipping
Refreshing native plugins compatible for Editor in 6.46 ms, found 9 plugins.
Preloading 0 native plugins for Editor in 0.00 ms.
Unloading 4144 Unused Serialized files (Serialized files now loaded: 0)
Unloading 40 unused Assets / (142.5 KB). Loaded Objects now: 4694.
Memory consumption went from 173.2 MB to 173.0 MB.
Total: 3.543000 ms (FindLiveObjects: 0.410600 ms CreateObjectMapping: 0.143800 ms MarkObjects: 2.859800 ms  DeleteObjects: 0.127600 ms)

AssetImportParameters requested are different than current active one (requested -> active):
  custom:video-decoder-ogg-theora: a1e56fd34408186e4bbccfd4996cb3dc -> 
  custom:container-muxer-webm: aa71ff27fc2769a1b78a27578f13a17b -> 
  custom:container-demuxer-webm: 4f35f7cbe854078d1ac9338744f61a02 -> 
  custom:video-encoder-webm-vp8: eb34c28f22e8b96e1ab97ce403110664 -> 
  custom:audio-encoder-webm-vorbis: bf7c407c2cedff20999df2af8eb42d56 -> 
  custom:framework-win-MediaFoundation: 216162199b28c13a410421893ffa2e32 -> 
  custom:container-demuxer-ogg: 62fdf1f143b41e24485cea50d1cbac27 -> 
  custom:video-decoder-webm-vp8: 9c59270c3fd7afecdb556c50c9e8de78 -> 
  custom:audio-decoder-ogg-vorbis: bf7c407c2cedff20999df2af8eb42d56 -> 
========================================================================
Received Prepare
Registering precompiled user dll's ...
Registered in 0.008555 seconds.
Begin MonoManager ReloadAssembly
Native extension for UWP target not found
Native extension for WindowsStandalone target not found
Native extension for Android target not found
Refreshing native plugins compatible for Editor in 1.09 ms, found 9 plugins.
Preloading 0 native plugins for Editor in 0.00 ms.
Mono: successfully reloaded assembly
- Completed reload, in  1.282 seconds
Domain Reload Profiling:
	ReloadAssembly (1283ms)
		BeginReloadAssembly (147ms)
			ExecutionOrderSort (0ms)
			DisableScriptedObjects (6ms)
			BackupInstance (0ms)
			ReleaseScriptingObjects (0ms)
			CreateAndSetChildDomain (33ms)
		EndReloadAssembly (1018ms)
			LoadAssemblies (116ms)
			RebuildTransferFunctionScriptingTraits (0ms)
			SetupTypeCache (234ms)
			ReleaseScriptCaches (1ms)
			RebuildScriptCaches (49ms)
			SetupLoadedEditorAssemblies (540ms)
				LogAssemblyErrors (0ms)
				InitializePlatformSupportModulesInManaged (24ms)
				SetLoadedEditorAssemblies (0ms)
				RefreshPlugins (1ms)
				BeforeProcessingInitializeOnLoad (100ms)
				ProcessInitializeOnLoadAttributes (352ms)
				ProcessInitializeOnLoadMethodAttributes (52ms)
				AfterProcessingInitializeOnLoad (9ms)
				EditorAssembliesLoaded (0ms)
			ExecutionOrderSort2 (0ms)
			AwakeInstancesAfterBackupRestoration (9ms)
Platform modules already initialized, skipping
Refreshing native plugins compatible for Editor in 7.41 ms, found 9 plugins.
Preloading 0 native plugins for Editor in 0.00 ms.
Unloading 4144 Unused Serialized files (Serialized files now loaded: 0)
Unloading 40 unused Assets / (111.5 KB). Loaded Objects now: 4698.
Memory consumption went from 173.1 MB to 173.0 MB.
Total: 3.536500 ms (FindLiveObjects: 0.436900 ms CreateObjectMapping: 0.135400 ms MarkObjects: 2.838400 ms  DeleteObjects: 0.124600 ms)

AssetImportParameters requested are different than current active one (requested -> active):
  custom:video-decoder-ogg-theora: a1e56fd34408186e4bbccfd4996cb3dc -> 
  custom:container-muxer-webm: aa71ff27fc2769a1b78a27578f13a17b -> 
  custom:container-demuxer-webm: 4f35f7cbe854078d1ac9338744f61a02 -> 
  custom:video-encoder-webm-vp8: eb34c28f22e8b96e1ab97ce403110664 -> 
  custom:audio-encoder-webm-vorbis: bf7c407c2cedff20999df2af8eb42d56 -> 
  custom:framework-win-MediaFoundation: 216162199b28c13a410421893ffa2e32 -> 
  custom:container-demuxer-ogg: 62fdf1f143b41e24485cea50d1cbac27 -> 
  custom:video-decoder-webm-vp8: 9c59270c3fd7afecdb556c50c9e8de78 -> 
  custom:audio-decoder-ogg-vorbis: bf7c407c2cedff20999df2af8eb42d56 -> 
========================================================================
Received Import Request.
  Time since last request: 694847.948742 seconds.
  path: Assets/MixedRealityToolkit.YYSX/Providers/CustomProfiles/YYSX MixedRealityInputSystemProfile.asset
  artifactKey: Guid(ef9785f76f9906b468fe65557630bc73) Importer(815301076,1909f56bfc062723c751e8b465ee728b)
Start importing Assets/MixedRealityToolkit.YYSX/Providers/CustomProfiles/YYSX MixedRealityInputSystemProfile.asset using Guid(ef9785f76f9906b468fe65557630bc73) Importer(815301076,1909f56bfc062723c751e8b465ee728b)  -> (artifact id: 'cb8200c954c99ea381702cd6f74d2586') in 0.499403 seconds 
========================================================================
Received Prepare
Registering precompiled user dll's ...
Registered in 0.008528 seconds.
Begin MonoManager ReloadAssembly
Native extension for UWP target not found
Native extension for WindowsStandalone target not found
Native extension for Android target not found
Refreshing native plugins compatible for Editor in 1.11 ms, found 9 plugins.
Preloading 0 native plugins for Editor in 0.00 ms.
Mono: successfully reloaded assembly
- Completed reload, in  1.278 seconds
Domain Reload Profiling:
	ReloadAssembly (1279ms)
		BeginReloadAssembly (155ms)
			ExecutionOrderSort (0ms)
			DisableScriptedObjects (6ms)
			BackupInstance (0ms)
			ReleaseScriptingObjects (0ms)
			CreateAndSetChildDomain (38ms)
		EndReloadAssembly (1014ms)
			LoadAssemblies (113ms)
			RebuildTransferFunctionScriptingTraits (0ms)
			SetupTypeCache (234ms)
			ReleaseScriptCaches (1ms)
			RebuildScriptCaches (52ms)
			SetupLoadedEditorAssemblies (536ms)
				LogAssemblyErrors (0ms)
				InitializePlatformSupportModulesInManaged (26ms)
				SetLoadedEditorAssemblies (1ms)
				RefreshPlugins (1ms)
				BeforeProcessingInitializeOnLoad (94ms)
				ProcessInitializeOnLoadAttributes (353ms)
				ProcessInitializeOnLoadMethodAttributes (51ms)
				AfterProcessingInitializeOnLoad (9ms)
				EditorAssembliesLoaded (0ms)
			ExecutionOrderSort2 (0ms)
			AwakeInstancesAfterBackupRestoration (8ms)
Platform modules already initialized, skipping
Refreshing native plugins compatible for Editor in 7.33 ms, found 9 plugins.
Preloading 0 native plugins for Editor in 0.00 ms.
Unloading 4144 Unused Serialized files (Serialized files now loaded: 0)
Unloading 40 unused Assets / (142.4 KB). Loaded Objects now: 4704.
Memory consumption went from 173.4 MB to 173.3 MB.
Total: 3.560300 ms (FindLiveObjects: 0.434100 ms CreateObjectMapping: 0.136600 ms MarkObjects: 2.854200 ms  DeleteObjects: 0.134100 ms)

AssetImportParameters requested are different than current active one (requested -> active):
  custom:video-decoder-ogg-theora: a1e56fd34408186e4bbccfd4996cb3dc -> 
  custom:container-muxer-webm: aa71ff27fc2769a1b78a27578f13a17b -> 
  custom:container-demuxer-webm: 4f35f7cbe854078d1ac9338744f61a02 -> 
  custom:video-encoder-webm-vp8: eb34c28f22e8b96e1ab97ce403110664 -> 
  custom:audio-encoder-webm-vorbis: bf7c407c2cedff20999df2af8eb42d56 -> 
  custom:framework-win-MediaFoundation: 216162199b28c13a410421893ffa2e32 -> 
  custom:container-demuxer-ogg: 62fdf1f143b41e24485cea50d1cbac27 -> 
  custom:video-decoder-webm-vp8: 9c59270c3fd7afecdb556c50c9e8de78 -> 
  custom:audio-decoder-ogg-vorbis: bf7c407c2cedff20999df2af8eb42d56 -> 
========================================================================
Received Prepare
Registering precompiled user dll's ...
Registered in 0.008473 seconds.
Begin MonoManager ReloadAssembly
Native extension for UWP target not found
Native extension for WindowsStandalone target not found
Native extension for Android target not found
Refreshing native plugins compatible for Editor in 1.08 ms, found 9 plugins.
Preloading 0 native plugins for Editor in 0.00 ms.
Mono: successfully reloaded assembly
- Completed reload, in  1.262 seconds
Domain Reload Profiling:
	ReloadAssembly (1263ms)
		BeginReloadAssembly (147ms)
			ExecutionOrderSort (0ms)
			DisableScriptedObjects (6ms)
			BackupInstance (0ms)
			ReleaseScriptingObjects (0ms)
			CreateAndSetChildDomain (34ms)
		EndReloadAssembly (1008ms)
			LoadAssemblies (113ms)
			RebuildTransferFunctionScriptingTraits (0ms)
			SetupTypeCache (231ms)
			ReleaseScriptCaches (1ms)
			RebuildScriptCaches (50ms)
			SetupLoadedEditorAssemblies (534ms)
				LogAssemblyErrors (0ms)
				InitializePlatformSupportModulesInManaged (25ms)
				SetLoadedEditorAssemblies (0ms)
				RefreshPlugins (1ms)
				BeforeProcessingInitializeOnLoad (94ms)
				ProcessInitializeOnLoadAttributes (348ms)
				ProcessInitializeOnLoadMethodAttributes (54ms)
				AfterProcessingInitializeOnLoad (11ms)
				EditorAssembliesLoaded (0ms)
			ExecutionOrderSort2 (0ms)
			AwakeInstancesAfterBackupRestoration (10ms)
Platform modules already initialized, skipping
Refreshing native plugins compatible for Editor in 6.51 ms, found 9 plugins.
Preloading 0 native plugins for Editor in 0.00 ms.
Unloading 4144 Unused Serialized files (Serialized files now loaded: 0)
Unloading 40 unused Assets / (142.3 KB). Loaded Objects now: 4708.
Memory consumption went from 173.4 MB to 173.3 MB.
Total: 3.609200 ms (FindLiveObjects: 0.433700 ms CreateObjectMapping: 0.156500 ms MarkObjects: 2.896500 ms  DeleteObjects: 0.121100 ms)

AssetImportParameters requested are different than current active one (requested -> active):
  custom:video-decoder-ogg-theora: a1e56fd34408186e4bbccfd4996cb3dc -> 
  custom:container-muxer-webm: aa71ff27fc2769a1b78a27578f13a17b -> 
  custom:container-demuxer-webm: 4f35f7cbe854078d1ac9338744f61a02 -> 
  custom:video-encoder-webm-vp8: eb34c28f22e8b96e1ab97ce403110664 -> 
  custom:audio-encoder-webm-vorbis: bf7c407c2cedff20999df2af8eb42d56 -> 
  custom:framework-win-MediaFoundation: 216162199b28c13a410421893ffa2e32 -> 
  custom:container-demuxer-ogg: 62fdf1f143b41e24485cea50d1cbac27 -> 
  custom:video-decoder-webm-vp8: 9c59270c3fd7afecdb556c50c9e8de78 -> 
  custom:audio-decoder-ogg-vorbis: bf7c407c2cedff20999df2af8eb42d56 -> 
========================================================================
Received Prepare
Registering precompiled user dll's ...
Registered in 0.008393 seconds.
Begin MonoManager ReloadAssembly
Native extension for UWP target not found
Native extension for WindowsStandalone target not found
Native extension for Android target not found
Refreshing native plugins compatible for Editor in 1.10 ms, found 9 plugins.
Preloading 0 native plugins for Editor in 0.00 ms.
Mono: successfully reloaded assembly
- Completed reload, in  1.290 seconds
Domain Reload Profiling:
	ReloadAssembly (1291ms)
		BeginReloadAssembly (150ms)
			ExecutionOrderSort (0ms)
			DisableScriptedObjects (6ms)
			BackupInstance (0ms)
			ReleaseScriptingObjects (0ms)
			CreateAndSetChildDomain (33ms)
		EndReloadAssembly (1032ms)
			LoadAssemblies (117ms)
			RebuildTransferFunctionScriptingTraits (0ms)
			SetupTypeCache (234ms)
			ReleaseScriptCaches (1ms)
			RebuildScriptCaches (51ms)
			SetupLoadedEditorAssemblies (550ms)
				LogAssemblyErrors (0ms)
				InitializePlatformSupportModulesInManaged (27ms)
				SetLoadedEditorAssemblies (0ms)
				RefreshPlugins (1ms)
				BeforeProcessingInitializeOnLoad (94ms)
				ProcessInitializeOnLoadAttributes (355ms)
				ProcessInitializeOnLoadMethodAttributes (61ms)
				AfterProcessingInitializeOnLoad (11ms)
				EditorAssembliesLoaded (0ms)
			ExecutionOrderSort2 (0ms)
			AwakeInstancesAfterBackupRestoration (9ms)
Platform modules already initialized, skipping
Refreshing native plugins compatible for Editor in 7.58 ms, found 9 plugins.
Preloading 0 native plugins for Editor in 0.00 ms.
Unloading 4144 Unused Serialized files (Serialized files now loaded: 0)
Unloading 40 unused Assets / (127.0 KB). Loaded Objects now: 4712.
Memory consumption went from 173.4 MB to 173.3 MB.
Total: 3.536700 ms (FindLiveObjects: 0.430200 ms CreateObjectMapping: 0.134400 ms MarkObjects: 2.848400 ms  DeleteObjects: 0.122500 ms)

AssetImportParameters requested are different than current active one (requested -> active):
  custom:video-decoder-ogg-theora: a1e56fd34408186e4bbccfd4996cb3dc -> 
  custom:container-muxer-webm: aa71ff27fc2769a1b78a27578f13a17b -> 
  custom:container-demuxer-webm: 4f35f7cbe854078d1ac9338744f61a02 -> 
  custom:video-encoder-webm-vp8: eb34c28f22e8b96e1ab97ce403110664 -> 
  custom:audio-encoder-webm-vorbis: bf7c407c2cedff20999df2af8eb42d56 -> 
  custom:framework-win-MediaFoundation: 216162199b28c13a410421893ffa2e32 -> 
  custom:container-demuxer-ogg: 62fdf1f143b41e24485cea50d1cbac27 -> 
  custom:video-decoder-webm-vp8: 9c59270c3fd7afecdb556c50c9e8de78 -> 
  custom:audio-decoder-ogg-vorbis: bf7c407c2cedff20999df2af8eb42d56 -> 
========================================================================
Received Prepare
Registering precompiled user dll's ...
Registered in 0.009065 seconds.
Begin MonoManager ReloadAssembly
Native extension for UWP target not found
Native extension for WindowsStandalone target not found
Native extension for Android target not found
Refreshing native plugins compatible for Editor in 1.03 ms, found 9 plugins.
Preloading 0 native plugins for Editor in 0.00 ms.
Mono: successfully reloaded assembly
- Completed reload, in  1.249 seconds
Domain Reload Profiling:
	ReloadAssembly (1250ms)
		BeginReloadAssembly (144ms)
			ExecutionOrderSort (0ms)
			DisableScriptedObjects (5ms)
			BackupInstance (0ms)
			ReleaseScriptingObjects (0ms)
			CreateAndSetChildDomain (32ms)
		EndReloadAssembly (997ms)
			LoadAssemblies (109ms)
			RebuildTransferFunctionScriptingTraits (0ms)
			SetupTypeCache (231ms)
			ReleaseScriptCaches (1ms)
			RebuildScriptCaches (52ms)
			SetupLoadedEditorAssemblies (530ms)
				LogAssemblyErrors (0ms)
				InitializePlatformSupportModulesInManaged (24ms)
				SetLoadedEditorAssemblies (0ms)
				RefreshPlugins (1ms)
				BeforeProcessingInitializeOnLoad (93ms)
				ProcessInitializeOnLoadAttributes (348ms)
				ProcessInitializeOnLoadMethodAttributes (54ms)
				AfterProcessingInitializeOnLoad (10ms)
				EditorAssembliesLoaded (0ms)
			ExecutionOrderSort2 (0ms)
			AwakeInstancesAfterBackupRestoration (8ms)
Platform modules already initialized, skipping
Refreshing native plugins compatible for Editor in 6.58 ms, found 9 plugins.
Preloading 0 native plugins for Editor in 0.00 ms.
Unloading 4144 Unused Serialized files (Serialized files now loaded: 0)
Unloading 40 unused Assets / (111.6 KB). Loaded Objects now: 4716.
Memory consumption went from 173.4 MB to 173.3 MB.
Total: 3.837300 ms (FindLiveObjects: 0.425700 ms CreateObjectMapping: 0.124000 ms MarkObjects: 3.160400 ms  DeleteObjects: 0.125800 ms)

AssetImportParameters requested are different than current active one (requested -> active):
  custom:video-decoder-ogg-theora: a1e56fd34408186e4bbccfd4996cb3dc -> 
  custom:container-muxer-webm: aa71ff27fc2769a1b78a27578f13a17b -> 
  custom:container-demuxer-webm: 4f35f7cbe854078d1ac9338744f61a02 -> 
  custom:video-encoder-webm-vp8: eb34c28f22e8b96e1ab97ce403110664 -> 
  custom:audio-encoder-webm-vorbis: bf7c407c2cedff20999df2af8eb42d56 -> 
  custom:framework-win-MediaFoundation: 216162199b28c13a410421893ffa2e32 -> 
  custom:container-demuxer-ogg: 62fdf1f143b41e24485cea50d1cbac27 -> 
  custom:video-decoder-webm-vp8: 9c59270c3fd7afecdb556c50c9e8de78 -> 
  custom:audio-decoder-ogg-vorbis: bf7c407c2cedff20999df2af8eb42d56 -> 
========================================================================
Received Import Request.
  Time since last request: 228.155442 seconds.
  path: Packages/com.microsoft.mixedreality.toolkit.foundation/SDK/Features/UX/Interactable/Prefabs/ToggleButton.prefab
  artifactKey: Guid(51cc6641d88b49d46bd38572540efe6c) Importer(815301076,1909f56bfc062723c751e8b465ee728b)
Start importing Packages/com.microsoft.mixedreality.toolkit.foundation/SDK/Features/UX/Interactable/Prefabs/ToggleButton.prefab using Guid(51cc6641d88b49d46bd38572540efe6c) Importer(815301076,1909f56bfc062723c751e8b465ee728b)  -> (artifact id: 'e3448aaa8efde3f33ff8264af3aa1df4') in 0.397306 seconds 
========================================================================
Received Import Request.
  Time since last request: 0.000024 seconds.
  path: Packages/com.microsoft.mixedreality.toolkit.examples/StandardAssets/Models/Prototyping/Torus.fbx
  artifactKey: Guid(841b5755ac02dbc439bd347f414de999) Importer(815301076,1909f56bfc062723c751e8b465ee728b)
Start importing Packages/com.microsoft.mixedreality.toolkit.examples/StandardAssets/Models/Prototyping/Torus.fbx using Guid(841b5755ac02dbc439bd347f414de999) Importer(815301076,1909f56bfc062723c751e8b465ee728b)  -> (artifact id: 'b0c3b70284b76b3f38c32fe2fef9258c') in 0.055769 seconds 
========================================================================
Received Import Request.
  Time since last request: 0.000030 seconds.
  path: Packages/com.microsoft.mixedreality.toolkit.foundation/SDK/StandardAssets/Prefabs/Text/UITextSelawikLight.prefab
  artifactKey: Guid(30adaec244b8c8949bd5aa7a6b642663) Importer(815301076,1909f56bfc062723c751e8b465ee728b)
Start importing Packages/com.microsoft.mixedreality.toolkit.foundation/SDK/StandardAssets/Prefabs/Text/UITextSelawikLight.prefab using Guid(30adaec244b8c8949bd5aa7a6b642663) Importer(815301076,1909f56bfc062723c751e8b465ee728b)  -> (artifact id: '3a2bbdf54275e14f05cdfe350a5cd1f1') in 0.013425 seconds 
========================================================================
Received Import Request.
  Time since last request: 0.000023 seconds.
  path: Packages/com.microsoft.mixedreality.toolkit.foundation/SDK/StandardAssets/Prefabs/Text/UITextSelawikSemilight.prefab
  artifactKey: Guid(2368ebf887d15654b9c093ac1a4f378e) Importer(815301076,1909f56bfc062723c751e8b465ee728b)
Start importing Packages/com.microsoft.mixedreality.toolkit.foundation/SDK/StandardAssets/Prefabs/Text/UITextSelawikSemilight.prefab using Guid(2368ebf887d15654b9c093ac1a4f378e) Importer(815301076,1909f56bfc062723c751e8b465ee728b)  -> (artifact id: '13fad201cb4621909f4aa52b56ecb152') in 0.014104 seconds 
========================================================================
Received Import Request.
  Time since last request: 0.000026 seconds.
  path: Packages/com.microsoft.mixedreality.toolkit.examples/StandardAssets/Prefabs/Prototyping/Torus.prefab
  artifactKey: Guid(735f28ace3c5a1542b3f2efacbda5d32) Importer(815301076,1909f56bfc062723c751e8b465ee728b)
Start importing Packages/com.microsoft.mixedreality.toolkit.examples/StandardAssets/Prefabs/Prototyping/Torus.prefab using Guid(735f28ace3c5a1542b3f2efacbda5d32) Importer(815301076,1909f56bfc062723c751e8b465ee728b)  -> (artifact id: '5ce35428e4a9e03014a781dc827312c2') in 0.018655 seconds 
========================================================================
Received Import Request.
  Time since last request: 0.000025 seconds.
  path: Packages/com.microsoft.mixedreality.toolkit.foundation/SDK/StandardAssets/Prefabs/Text/UITextSelawik.prefab
  artifactKey: Guid(df8fcda444f30864dadb44d21f057e61) Importer(815301076,1909f56bfc062723c751e8b465ee728b)
Start importing Packages/com.microsoft.mixedreality.toolkit.foundation/SDK/StandardAssets/Prefabs/Text/UITextSelawik.prefab using Guid(df8fcda444f30864dadb44d21f057e61) Importer(815301076,1909f56bfc062723c751e8b465ee728b)  -> (artifact id: 'e6547b52a7cf09c7915b2ff1efd807a5') in 0.009007 seconds 
========================================================================
Received Import Request.
  Time since last request: 0.000023 seconds.
  path: Packages/com.microsoft.mixedreality.toolkit.examples/Common/Prefabs/TouchSlider/Prefabs/TouchSlider.prefab
  artifactKey: Guid(405b34842e32594499069ff558f96b82) Importer(815301076,1909f56bfc062723c751e8b465ee728b)
Start importing Packages/com.microsoft.mixedreality.toolkit.examples/Common/Prefabs/TouchSlider/Prefabs/TouchSlider.prefab using Guid(405b34842e32594499069ff558f96b82) Importer(815301076,1909f56bfc062723c751e8b465ee728b)  -> (artifact id: '9a9ee74fbbcce625269184061db4031c') in 0.157838 seconds 
========================================================================
Received Import Request.
  Time since last request: 0.000678 seconds.
  path: Packages/com.microsoft.mixedreality.toolkit.examples/StandardAssets/Models/Tree.fbx
  artifactKey: Guid(d45e66785744f1d429a96d32f3f705d4) Importer(815301076,1909f56bfc062723c751e8b465ee728b)
Start importing Packages/com.microsoft.mixedreality.toolkit.examples/StandardAssets/Models/Tree.fbx using Guid(d45e66785744f1d429a96d32f3f705d4) Importer(815301076,1909f56bfc062723c751e8b465ee728b)  -> (artifact id: '276e81c60d4eec0b81502758c5a214b8') in 0.206804 seconds 
========================================================================
Received Import Request.
  Time since last request: 0.000027 seconds.
  path: Packages/com.microsoft.mixedreality.toolkit.foundation/SDK/Features/UX/Interactable/Prefabs/UnityUIInteractables/UnityUIRadialButton.prefab
  artifactKey: Guid(e35ccb692ee2a154fb472995266a2450) Importer(815301076,1909f56bfc062723c751e8b465ee728b)
Start importing Packages/com.microsoft.mixedreality.toolkit.foundation/SDK/Features/UX/Interactable/Prefabs/UnityUIInteractables/UnityUIRadialButton.prefab using Guid(e35ccb692ee2a154fb472995266a2450) Importer(815301076,1909f56bfc062723c751e8b465ee728b)  -> (artifact id: 'ecd1ed4b23ad6d92753f54d4ef4dc2ed') in 0.068470 seconds 
========================================================================
Received Import Request.
  Time since last request: 0.000032 seconds.
  path: Packages/com.microsoft.mixedreality.toolkit.foundation/SDK/Features/UX/Interactable/Prefabs/UnityUIInteractables/UnityUICheckboxButton.prefab
  artifactKey: Guid(96122ce0e0e9cf24c83e542358490906) Importer(815301076,1909f56bfc062723c751e8b465ee728b)
Start importing Packages/com.microsoft.mixedreality.toolkit.foundation/SDK/Features/UX/Interactable/Prefabs/UnityUIInteractables/UnityUICheckboxButton.prefab using Guid(96122ce0e0e9cf24c83e542358490906) Importer(815301076,1909f56bfc062723c751e8b465ee728b)  -> (artifact id: '27ecac4655529d0f43493f3d7bca73aa') in 0.025864 seconds 
========================================================================
Received Import Request.
  Time since last request: 0.000022 seconds.
  path: Packages/com.microsoft.mixedreality.toolkit.foundation/SDK/StandardAssets/Prefabs/Text/UITextSelawikBold.prefab
  artifactKey: Guid(c5337f2ec5db84a468cfc45ab910bef4) Importer(815301076,1909f56bfc062723c751e8b465ee728b)
Start importing Packages/com.microsoft.mixedreality.toolkit.foundation/SDK/StandardAssets/Prefabs/Text/UITextSelawikBold.prefab using Guid(c5337f2ec5db84a468cfc45ab910bef4) Importer(815301076,1909f56bfc062723c751e8b465ee728b)  -> (artifact id: '3f1bba5489140d02f915343493d85e23') in 0.013826 seconds 
========================================================================
Received Import Request.
  Time since last request: 0.000022 seconds.
  path: Packages/com.microsoft.mixedreality.toolkit.foundation/SDK/Features/UX/Interactable/Prefabs/ToggleSwitch.prefab
  artifactKey: Guid(a0dc4a34875700c4aba845405dc43a89) Importer(815301076,1909f56bfc062723c751e8b465ee728b)
Start importing Packages/com.microsoft.mixedreality.toolkit.foundation/SDK/Features/UX/Interactable/Prefabs/ToggleSwitch.prefab using Guid(a0dc4a34875700c4aba845405dc43a89) Importer(815301076,1909f56bfc062723c751e8b465ee728b)  -> (artifact id: '0bcda0f4523efb901b6a7bafd439bed5') in 0.081129 seconds 
========================================================================
Received Import Request.
  Time since last request: 2.802255 seconds.
  path: Packages/com.microsoft.mixedreality.toolkit.foundation/SDK/Features/UX/Interactable/Prefabs/RadialSet.prefab
  artifactKey: Guid(8b83134143223104c9bc3865a565cab3) Importer(815301076,1909f56bfc062723c751e8b465ee728b)
Start importing Packages/com.microsoft.mixedreality.toolkit.foundation/SDK/Features/UX/Interactable/Prefabs/RadialSet.prefab using Guid(8b83134143223104c9bc3865a565cab3) Importer(815301076,1909f56bfc062723c751e8b465ee728b)  -> (artifact id: '7df093a29e4b1f2600962fb282278380') in 0.040390 seconds 
========================================================================
Received Import Request.
  Time since last request: 0.000024 seconds.
  path: Packages/com.microsoft.mixedreality.toolkit.foundation/SDK/Features/UX/Prefabs/ProgressIndicators/ProgressIndicatorRotatingObject.prefab
  artifactKey: Guid(274fde8ad8cd85a4a88acb4c2c892028) Importer(815301076,1909f56bfc062723c751e8b465ee728b)
Start importing Packages/com.microsoft.mixedreality.toolkit.foundation/SDK/Features/UX/Prefabs/ProgressIndicators/ProgressIndicatorRotatingObject.prefab using Guid(274fde8ad8cd85a4a88acb4c2c892028) Importer(815301076,1909f56bfc062723c751e8b465ee728b)  -> (artifact id: '11d53b4cd2321abc4d954f3e762b4920') in 0.058176 seconds 
========================================================================
Received Import Request.
  Time since last request: 0.000387 seconds.
  path: Packages/com.microsoft.mixedreality.toolkit.foundation/SDK/Features/UX/Prefabs/ProgressIndicators/ProgressIndicatorRotatingOrbs.prefab
  artifactKey: Guid(65fa42bb01c733c42b05a4e91628f494) Importer(815301076,1909f56bfc062723c751e8b465ee728b)
Start importing Packages/com.microsoft.mixedreality.toolkit.foundation/SDK/Features/UX/Prefabs/ProgressIndicators/ProgressIndicatorRotatingOrbs.prefab using Guid(65fa42bb01c733c42b05a4e91628f494) Importer(815301076,1909f56bfc062723c751e8b465ee728b)  -> (artifact id: '764c12839cdc8c364b1f00461717df30') in 0.060241 seconds 
========================================================================
Received Import Request.
  Time since last request: 0.463580 seconds.
  path: Packages/com.microsoft.mixedreality.toolkit.foundation/SDK/Features/UX/Interactable/Prefabs/PressableButtonUnityUICircular.prefab
  artifactKey: Guid(c31734863d3bf254191878828a9e17e6) Importer(815301076,1909f56bfc062723c751e8b465ee728b)
Start importing Packages/com.microsoft.mixedreality.toolkit.foundation/SDK/Features/UX/Interactable/Prefabs/PressableButtonUnityUICircular.prefab using Guid(c31734863d3bf254191878828a9e17e6) Importer(815301076,1909f56bfc062723c751e8b465ee728b)  -> (artifact id: '7b817d2e0ea762a0a8c502116438effd') in 0.038792 seconds 
========================================================================
Received Import Request.
  Time since last request: 0.000027 seconds.
  path: Packages/com.microsoft.mixedreality.toolkit.foundation/SDK/Features/UX/Interactable/Prefabs/PressableButtonHoloLens2ToggleRadio_32x96.prefab
  artifactKey: Guid(963058749caf8b4419fbe17c440aaafa) Importer(815301076,1909f56bfc062723c751e8b465ee728b)
Start importing Packages/com.microsoft.mixedreality.toolkit.foundation/SDK/Features/UX/Interactable/Prefabs/PressableButtonHoloLens2ToggleRadio_32x96.prefab using Guid(963058749caf8b4419fbe17c440aaafa) Importer(815301076,1909f56bfc062723c751e8b465ee728b)  -> (artifact id: '51b05c6deac19811a6a3911373d3d04d') in 0.349128 seconds 
========================================================================
Received Import Request.
  Time since last request: 0.000026 seconds.
  path: Packages/com.microsoft.mixedreality.toolkit.foundation/SDK/Features/UX/Interactable/Prefabs/PressableButtonHoloLens2ToggleDwell.prefab
  artifactKey: Guid(005e88c8b4bdc854fa6deb50b78a6001) Importer(815301076,1909f56bfc062723c751e8b465ee728b)
Start importing Packages/com.microsoft.mixedreality.toolkit.foundation/SDK/Features/UX/Interactable/Prefabs/PressableButtonHoloLens2ToggleDwell.prefab using Guid(005e88c8b4bdc854fa6deb50b78a6001) Importer(815301076,1909f56bfc062723c751e8b465ee728b)  -> (artifact id: 'ad9867710c0367432804963074b29da9') in 0.242905 seconds 
========================================================================
Received Import Request.
  Time since last request: 0.000032 seconds.
  path: Packages/com.microsoft.mixedreality.toolkit.foundation/SDK/Features/UX/Interactable/Prefabs/PressableButtonHoloLens2_32x96_Dwell.prefab
  artifactKey: Guid(7d4c42928b6cb354890f921430b6bcd5) Importer(815301076,1909f56bfc062723c751e8b465ee728b)
Start importing Packages/com.microsoft.mixedreality.toolkit.foundation/SDK/Features/UX/Interactable/Prefabs/PressableButtonHoloLens2_32x96_Dwell.prefab using Guid(7d4c42928b6cb354890f921430b6bcd5) Importer(815301076,1909f56bfc062723c751e8b465ee728b)  -> (artifact id: '97e6e512b0e9cbd926095f286eaca428') in 0.175668 seconds 
========================================================================
Received Import Request.
  Time since last request: 0.000024 seconds.
  path: Packages/com.microsoft.mixedreality.toolkit.foundation/SDK/Features/UX/Interactable/Prefabs/PressableButtonHoloLens2Bar5V.prefab
  artifactKey: Guid(940a822addfc898428785af1d4b0220b) Importer(815301076,1909f56bfc062723c751e8b465ee728b)
Start importing Packages/com.microsoft.mixedreality.toolkit.foundation/SDK/Features/UX/Interactable/Prefabs/PressableButtonHoloLens2Bar5V.prefab using Guid(940a822addfc898428785af1d4b0220b) Importer(815301076,1909f56bfc062723c751e8b465ee728b)  -> (artifact id: 'e53e39b0d520c4fb111641602610e143') in 0.244219 seconds 
========================================================================
Received Import Request.
  Time since last request: 0.000828 seconds.
  path: Packages/com.microsoft.mixedreality.toolkit.foundation/SDK/Features/UX/Interactable/Prefabs/PressableButtonHoloLens2Bar3V.prefab
  artifactKey: Guid(2adb9bf13fbb7694bbf77b35226ff4af) Importer(815301076,1909f56bfc062723c751e8b465ee728b)
Start importing Packages/com.microsoft.mixedreality.toolkit.foundation/SDK/Features/UX/Interactable/Prefabs/PressableButtonHoloLens2Bar3V.prefab using Guid(2adb9bf13fbb7694bbf77b35226ff4af) Importer(815301076,1909f56bfc062723c751e8b465ee728b)  -> (artifact id: '0ff7af396521a767665abbdac018a8e3') in 0.195981 seconds 
========================================================================
Received Import Request.
  Time since last request: 0.000021 seconds.
  path: Packages/com.microsoft.mixedreality.toolkit.foundation/SDK/Features/UX/Interactable/Prefabs/PressableButtonHoloLens2_32x96.prefab
  artifactKey: Guid(4f44c0d070528944c9bff425c6932763) Importer(815301076,1909f56bfc062723c751e8b465ee728b)
Start importing Packages/com.microsoft.mixedreality.toolkit.foundation/SDK/Features/UX/Interactable/Prefabs/PressableButtonHoloLens2_32x96.prefab using Guid(4f44c0d070528944c9bff425c6932763) Importer(815301076,1909f56bfc062723c751e8b465ee728b)  -> (artifact id: 'c02522c13b0ed73adff3580d36e4048b') in 0.202590 seconds 
========================================================================
Received Import Request.
  Time since last request: 0.000026 seconds.
  path: Packages/com.microsoft.mixedreality.toolkit.foundation/SDK/Features/UX/Prefabs/AppBar/PressableButtonAppBar.prefab
  artifactKey: Guid(88586ad49c144a14695ecab6882c1c46) Importer(815301076,1909f56bfc062723c751e8b465ee728b)
Start importing Packages/com.microsoft.mixedreality.toolkit.foundation/SDK/Features/UX/Prefabs/AppBar/PressableButtonAppBar.prefab using Guid(88586ad49c144a14695ecab6882c1c46) Importer(815301076,1909f56bfc062723c751e8b465ee728b)  -> (artifact id: '8a01dcc06a4e4e4d7877af386e544f14') in 0.173269 seconds 
========================================================================
Received Import Request.
  Time since last request: 0.000033 seconds.
  path: Packages/com.microsoft.mixedreality.toolkit.foundation/SDK/Features/UX/Prefabs/Menus/NearMenu4x2.prefab
  artifactKey: Guid(6dfc5f0a5fe04f94ab15177720f4bf05) Importer(815301076,1909f56bfc062723c751e8b465ee728b)
Start importing Packages/com.microsoft.mixedreality.toolkit.foundation/SDK/Features/UX/Prefabs/Menus/NearMenu4x2.prefab using Guid(6dfc5f0a5fe04f94ab15177720f4bf05) Importer(815301076,1909f56bfc062723c751e8b465ee728b)  -> (artifact id: 'fe166d065b5c723c2bbb374233fafce2') in 0.211178 seconds 
========================================================================
Received Import Request.
  Time since last request: 0.000043 seconds.
  path: Packages/com.microsoft.mixedreality.toolkit.foundation/SDK/Features/UX/Prefabs/Slate/PressableButtonsTestCanvas.prefab
  artifactKey: Guid(db5ccdf7b94c18941a0b4b230ad06560) Importer(815301076,1909f56bfc062723c751e8b465ee728b)
Start importing Packages/com.microsoft.mixedreality.toolkit.foundation/SDK/Features/UX/Prefabs/Slate/PressableButtonsTestCanvas.prefab using Guid(db5ccdf7b94c18941a0b4b230ad06560) Importer(815301076,1909f56bfc062723c751e8b465ee728b)  -> (artifact id: 'da9f17e9a9fd12052491f10962436687') in 0.088796 seconds 
========================================================================
Received Import Request.
  Time since last request: 0.000032 seconds.
  path: Packages/com.microsoft.mixedreality.toolkit.foundation/SDK/Features/UX/Prefabs/Menus/NearMenu2x4.prefab
  artifactKey: Guid(4cc25867f13a101459aeac0807dc2d30) Importer(815301076,1909f56bfc062723c751e8b465ee728b)
Start importing Packages/com.microsoft.mixedreality.toolkit.foundation/SDK/Features/UX/Prefabs/Menus/NearMenu2x4.prefab using Guid(4cc25867f13a101459aeac0807dc2d30) Importer(815301076,1909f56bfc062723c751e8b465ee728b)  -> (artifact id: '8d05efa8d2fe6856218727d580feafab') in 0.223360 seconds 
========================================================================
Received Import Request.
  Time since last request: 0.000029 seconds.
  path: Packages/com.microsoft.mixedreality.toolkit.foundation/SDK/Features/UX/Interactable/Prefabs/PressableButtonHoloLens2Unplated.prefab
  artifactKey: Guid(45fd0ad89d6d17b4fbe68eb48dbe9de9) Importer(815301076,1909f56bfc062723c751e8b465ee728b)
Start importing Packages/com.microsoft.mixedreality.toolkit.foundation/SDK/Features/UX/Interactable/Prefabs/PressableButtonHoloLens2Unplated.prefab using Guid(45fd0ad89d6d17b4fbe68eb48dbe9de9) Importer(815301076,1909f56bfc062723c751e8b465ee728b)  -> (artifact id: '490de5d68c398cf84626da1456ff9871') in 0.175623 seconds 
========================================================================
Received Import Request.
  Time since last request: 0.000032 seconds.
  path: Packages/com.microsoft.mixedreality.toolkit.examples/StandardAssets/Prefabs/Prototyping/Octa.prefab
  artifactKey: Guid(79a9b8cde49cb98449897deffb812f39) Importer(815301076,1909f56bfc062723c751e8b465ee728b)
Start importing Packages/com.microsoft.mixedreality.toolkit.examples/StandardAssets/Prefabs/Prototyping/Octa.prefab using Guid(79a9b8cde49cb98449897deffb812f39) Importer(815301076,1909f56bfc062723c751e8b465ee728b)  -> (artifact id: 'e5852682127fa85bb8ba8a1a693538c0') in 0.019844 seconds 
========================================================================
Received Import Request.
  Time since last request: 0.000023 seconds.
  path: Packages/com.microsoft.mixedreality.toolkit.foundation/SDK/Features/UX/Interactable/Prefabs/PressableButtonHoloLens2TextOnly4Lines_48x96.prefab
  artifactKey: Guid(8e9607bc5dcaf684db874e9b032d5d89) Importer(815301076,1909f56bfc062723c751e8b465ee728b)
Start importing Packages/com.microsoft.mixedreality.toolkit.foundation/SDK/Features/UX/Interactable/Prefabs/PressableButtonHoloLens2TextOnly4Lines_48x96.prefab using Guid(8e9607bc5dcaf684db874e9b032d5d89) Importer(815301076,1909f56bfc062723c751e8b465ee728b)  -> (artifact id: '9402a063c02020fe8ba97127f0578d9c') in 0.180115 seconds 
========================================================================
Received Import Request.
  Time since last request: 0.000168 seconds.
  path: Packages/com.microsoft.mixedreality.toolkit.foundation/SDK/Features/UX/Interactable/Prefabs/PressableButtonHoloLens2_64x64.prefab
  artifactKey: Guid(8c57f8f1db3a3a046bd9b36d28c2c4bc) Importer(815301076,1909f56bfc062723c751e8b465ee728b)
Start importing Packages/com.microsoft.mixedreality.toolkit.foundation/SDK/Features/UX/Interactable/Prefabs/PressableButtonHoloLens2_64x64.prefab using Guid(8c57f8f1db3a3a046bd9b36d28c2c4bc) Importer(815301076,1909f56bfc062723c751e8b465ee728b)  -> (artifact id: '371663ec5ec74b5f6cf0fc168134d472') in 0.168156 seconds 
========================================================================
Received Import Request.
  Time since last request: 0.000023 seconds.
  path: Packages/com.microsoft.mixedreality.toolkit.foundation/SDK/Features/UX/Interactable/Prefabs/PressableButtonHoloLens2Toggle_32x96_Dwell.prefab
  artifactKey: Guid(50469ebdb56a73345a8d145b7acfd0cc) Importer(815301076,1909f56bfc062723c751e8b465ee728b)
Start importing Packages/com.microsoft.mixedreality.toolkit.foundation/SDK/Features/UX/Interactable/Prefabs/PressableButtonHoloLens2Toggle_32x96_Dwell.prefab using Guid(50469ebdb56a73345a8d145b7acfd0cc) Importer(815301076,1909f56bfc062723c751e8b465ee728b)  -> (artifact id: 'a9f23e8ba1661715b83776a779a74045') in 0.164185 seconds 
========================================================================
Received Import Request.
  Time since last request: 0.000025 seconds.
  path: Packages/com.microsoft.mixedreality.toolkit.foundation/SDK/Features/UX/Interactable/Prefabs/PressableButtonHoloLens2Toggle_40x40.prefab
  artifactKey: Guid(e557ce6d38cad7844963d92db3a8ed0b) Importer(815301076,1909f56bfc062723c751e8b465ee728b)
Start importing Packages/com.microsoft.mixedreality.toolkit.foundation/SDK/Features/UX/Interactable/Prefabs/PressableButtonHoloLens2Toggle_40x40.prefab using Guid(e557ce6d38cad7844963d92db3a8ed0b) Importer(815301076,1909f56bfc062723c751e8b465ee728b)  -> (artifact id: 'a046d213313c0b62583d413e12a87431') in 0.172586 seconds 
========================================================================
Received Import Request.
  Time since last request: 0.000031 seconds.
  path: Packages/com.microsoft.mixedreality.toolkit.foundation/SDK/Features/UX/Prefabs/Menus/NearMenu3x1.prefab
  artifactKey: Guid(9a7c24f281a2c3d45a9b8befe608bf77) Importer(815301076,1909f56bfc062723c751e8b465ee728b)
Start importing Packages/com.microsoft.mixedreality.toolkit.foundation/SDK/Features/UX/Prefabs/Menus/NearMenu3x1.prefab using Guid(9a7c24f281a2c3d45a9b8befe608bf77) Importer(815301076,1909f56bfc062723c751e8b465ee728b)  -> (artifact id: '12d089567789af9ab98e4f47f9db0df2') in 0.184110 seconds 
========================================================================
Received Import Request.
  Time since last request: 0.000023 seconds.
  path: Packages/com.microsoft.mixedreality.toolkit.foundation/SDK/Features/UX/Interactable/Prefabs/PressableButtonHoloLens2Circular_48x48.prefab
  artifactKey: Guid(2ba5d9246f2c88f48a938fa66e6d3eef) Importer(815301076,1909f56bfc062723c751e8b465ee728b)
Start importing Packages/com.microsoft.mixedreality.toolkit.foundation/SDK/Features/UX/Interactable/Prefabs/PressableButtonHoloLens2Circular_48x48.prefab using Guid(2ba5d9246f2c88f48a938fa66e6d3eef) Importer(815301076,1909f56bfc062723c751e8b465ee728b)  -> (artifact id: '56da6b3d8b1e93a31e2d478998a9a00e') in 0.170374 seconds 
========================================================================
Received Prepare
Registering precompiled user dll's ...
Registered in 0.007996 seconds.
Begin MonoManager ReloadAssembly
Native extension for UWP target not found
Native extension for WindowsStandalone target not found
Native extension for Android target not found
Refreshing native plugins compatible for Editor in 1.28 ms, found 9 plugins.
Preloading 0 native plugins for Editor in 0.00 ms.
Mono: successfully reloaded assembly
- Completed reload, in  1.246 seconds
Domain Reload Profiling:
	ReloadAssembly (1247ms)
		BeginReloadAssembly (147ms)
			ExecutionOrderSort (0ms)
			DisableScriptedObjects (5ms)
			BackupInstance (0ms)
			ReleaseScriptingObjects (0ms)
			CreateAndSetChildDomain (35ms)
		EndReloadAssembly (993ms)
			LoadAssemblies (108ms)
			RebuildTransferFunctionScriptingTraits (0ms)
			SetupTypeCache (227ms)
			ReleaseScriptCaches (1ms)
			RebuildScriptCaches (52ms)
			SetupLoadedEditorAssemblies (532ms)
				LogAssemblyErrors (0ms)
				InitializePlatformSupportModulesInManaged (26ms)
				SetLoadedEditorAssemblies (1ms)
				RefreshPlugins (1ms)
				BeforeProcessingInitializeOnLoad (92ms)
				ProcessInitializeOnLoadAttributes (352ms)
				ProcessInitializeOnLoadMethodAttributes (50ms)
				AfterProcessingInitializeOnLoad (9ms)
				EditorAssembliesLoaded (0ms)
			ExecutionOrderSort2 (0ms)
			AwakeInstancesAfterBackupRestoration (8ms)
Platform modules already initialized, skipping
Refreshing native plugins compatible for Editor in 7.39 ms, found 9 plugins.
Preloading 0 native plugins for Editor in 0.00 ms.
Unloading 4144 Unused Serialized files (Serialized files now loaded: 0)
Unloading 42 unused Assets / (128.6 KB). Loaded Objects now: 4733.
Memory consumption went from 174.3 MB to 174.2 MB.
Total: 3.576800 ms (FindLiveObjects: 0.432500 ms CreateObjectMapping: 0.133600 ms MarkObjects: 2.883400 ms  DeleteObjects: 0.126300 ms)

AssetImportParameters requested are different than current active one (requested -> active):
  custom:video-decoder-ogg-theora: a1e56fd34408186e4bbccfd4996cb3dc -> 
  custom:container-muxer-webm: aa71ff27fc2769a1b78a27578f13a17b -> 
  custom:container-demuxer-webm: 4f35f7cbe854078d1ac9338744f61a02 -> 
  custom:video-encoder-webm-vp8: eb34c28f22e8b96e1ab97ce403110664 -> 
  custom:audio-encoder-webm-vorbis: bf7c407c2cedff20999df2af8eb42d56 -> 
  custom:framework-win-MediaFoundation: 216162199b28c13a410421893ffa2e32 -> 
  custom:container-demuxer-ogg: 62fdf1f143b41e24485cea50d1cbac27 -> 
  custom:video-decoder-webm-vp8: 9c59270c3fd7afecdb556c50c9e8de78 -> 
  custom:audio-decoder-ogg-vorbis: bf7c407c2cedff20999df2af8eb42d56 -> 
========================================================================
Received Prepare
Registering precompiled user dll's ...
Registered in 0.009359 seconds.
Begin MonoManager ReloadAssembly
Native extension for UWP target not found
Native extension for WindowsStandalone target not found
Native extension for Android target not found
Refreshing native plugins compatible for Editor in 1.07 ms, found 9 plugins.
Preloading 0 native plugins for Editor in 0.00 ms.
Mono: successfully reloaded assembly
- Completed reload, in  1.237 seconds
Domain Reload Profiling:
	ReloadAssembly (1238ms)
		BeginReloadAssembly (145ms)
			ExecutionOrderSort (0ms)
			DisableScriptedObjects (6ms)
			BackupInstance (0ms)
			ReleaseScriptingObjects (0ms)
			CreateAndSetChildDomain (32ms)
		EndReloadAssembly (984ms)
			LoadAssemblies (109ms)
			RebuildTransferFunctionScriptingTraits (0ms)
			SetupTypeCache (229ms)
			ReleaseScriptCaches (1ms)
			RebuildScriptCaches (50ms)
			SetupLoadedEditorAssemblies (518ms)
				LogAssemblyErrors (0ms)
				InitializePlatformSupportModulesInManaged (25ms)
				SetLoadedEditorAssemblies (0ms)
				RefreshPlugins (1ms)
				BeforeProcessingInitializeOnLoad (92ms)
				ProcessInitializeOnLoadAttributes (342ms)
				ProcessInitializeOnLoadMethodAttributes (49ms)
				AfterProcessingInitializeOnLoad (9ms)
				EditorAssembliesLoaded (0ms)
			ExecutionOrderSort2 (0ms)
			AwakeInstancesAfterBackupRestoration (8ms)
Platform modules already initialized, skipping
Refreshing native plugins compatible for Editor in 7.03 ms, found 9 plugins.
Preloading 0 native plugins for Editor in 0.00 ms.
Unloading 4144 Unused Serialized files (Serialized files now loaded: 0)
Unloading 40 unused Assets / (111.6 KB). Loaded Objects now: 4737.
Memory consumption went from 174.3 MB to 174.2 MB.
Total: 3.491400 ms (FindLiveObjects: 0.432800 ms CreateObjectMapping: 0.132300 ms MarkObjects: 2.808100 ms  DeleteObjects: 0.117200 ms)

AssetImportParameters requested are different than current active one (requested -> active):
  custom:video-decoder-ogg-theora: a1e56fd34408186e4bbccfd4996cb3dc -> 
  custom:container-muxer-webm: aa71ff27fc2769a1b78a27578f13a17b -> 
  custom:container-demuxer-webm: 4f35f7cbe854078d1ac9338744f61a02 -> 
  custom:video-encoder-webm-vp8: eb34c28f22e8b96e1ab97ce403110664 -> 
  custom:audio-encoder-webm-vorbis: bf7c407c2cedff20999df2af8eb42d56 -> 
  custom:framework-win-MediaFoundation: 216162199b28c13a410421893ffa2e32 -> 
  custom:container-demuxer-ogg: 62fdf1f143b41e24485cea50d1cbac27 -> 
  custom:video-decoder-webm-vp8: 9c59270c3fd7afecdb556c50c9e8de78 -> 
  custom:audio-decoder-ogg-vorbis: bf7c407c2cedff20999df2af8eb42d56 -> 
========================================================================
Received Import Request.
  Time since last request: 145155.247553 seconds.
  path: Packages/com.microsoft.mixedreality.toolkit.foundation/SDK/Features/UX/Prefabs/RiggedHandVisualizer/L_Hand_MRTK_Rig.fbx
  artifactKey: Guid(95fdbeee899cda941a9083788b822772) Importer(815301076,1909f56bfc062723c751e8b465ee728b)
Start importing Packages/com.microsoft.mixedreality.toolkit.foundation/SDK/Features/UX/Prefabs/RiggedHandVisualizer/L_Hand_MRTK_Rig.fbx using Guid(95fdbeee899cda941a9083788b822772) Importer(815301076,1909f56bfc062723c751e8b465ee728b)  -> (artifact id: '6f2d44e82ae9291dd2b0d6843d6c3f14') in 0.168351 seconds 
========================================================================
Received Import Request.
  Time since last request: 0.000029 seconds.
  path: Packages/com.microsoft.mixedreality.toolkit.foundation/SDK/Editor/Inspectors/Exp/InteractiveEl/MRTK.SDK.Editor.Experimental.Interactive.asmdef
  artifactKey: Guid(a15675259a7846d4e9b989b61cff2c78) Importer(815301076,1909f56bfc062723c751e8b465ee728b)
Start importing Packages/com.microsoft.mixedreality.toolkit.foundation/SDK/Editor/Inspectors/Exp/InteractiveEl/MRTK.SDK.Editor.Experimental.Interactive.asmdef using Guid(a15675259a7846d4e9b989b61cff2c78) Importer(815301076,1909f56bfc062723c751e8b465ee728b)  -> (artifact id: '94b7f073a49bbfb42ffecd6ea587fdb3') in 0.008540 seconds 
========================================================================
Received Import Request.
  Time since last request: 0.000042 seconds.
  path: Packages/com.microsoft.mixedreality.toolkit.foundation/Core/Utilities/Gltf/MRTK.Gltf.asmdef
  artifactKey: Guid(bf416a72c3a8e8040a500bf05cc17d5e) Importer(815301076,1909f56bfc062723c751e8b465ee728b)
Start importing Packages/com.microsoft.mixedreality.toolkit.foundation/Core/Utilities/Gltf/MRTK.Gltf.asmdef using Guid(bf416a72c3a8e8040a500bf05cc17d5e) Importer(815301076,1909f56bfc062723c751e8b465ee728b)  -> (artifact id: 'e342e5a3899c56704e10483884316c6d') in 0.006273 seconds 
========================================================================
Received Import Request.
  Time since last request: 0.000022 seconds.
  path: Packages/com.microsoft.mixedreality.toolkit.standardassets/EditorUtilities/MRTK.StandardAssets.Editor.asmdef
  artifactKey: Guid(e97aa3e5b44dd784d92300a3ff12eb17) Importer(815301076,1909f56bfc062723c751e8b465ee728b)
Start importing Packages/com.microsoft.mixedreality.toolkit.standardassets/EditorUtilities/MRTK.StandardAssets.Editor.asmdef using Guid(e97aa3e5b44dd784d92300a3ff12eb17) Importer(815301076,1909f56bfc062723c751e8b465ee728b)  -> (artifact id: 'f743e7ff6bd771bd4ec3adbc7909c125') in 0.007619 seconds 
========================================================================
Received Import Request.
  Time since last request: 0.000024 seconds.
  path: Packages/com.microsoft.mixedreality.toolkit.foundation/Services/CameraSystem/MRTK.CameraSystem.asmdef
  artifactKey: Guid(9c79f578bc8e43b418f1656db2cbba3e) Importer(815301076,1909f56bfc062723c751e8b465ee728b)
Start importing Packages/com.microsoft.mixedreality.toolkit.foundation/Services/CameraSystem/MRTK.CameraSystem.asmdef using Guid(9c79f578bc8e43b418f1656db2cbba3e) Importer(815301076,1909f56bfc062723c751e8b465ee728b)  -> (artifact id: '134e241448d465ee28178ed6e273c7d1') in 0.005702 seconds 
========================================================================
Received Import Request.
  Time since last request: 0.000029 seconds.
  path: Packages/com.microsoft.mixedreality.toolkit.foundation/Core/Providers/InputAnimation/MRTK.InputAnimation.asmdef
  artifactKey: Guid(87dbb45dda42fa0428897b9eba042910) Importer(815301076,1909f56bfc062723c751e8b465ee728b)
Start importing Packages/com.microsoft.mixedreality.toolkit.foundation/Core/Providers/InputAnimation/MRTK.InputAnimation.asmdef using Guid(87dbb45dda42fa0428897b9eba042910) Importer(815301076,1909f56bfc062723c751e8b465ee728b)  -> (artifact id: 'fdc9209b66269effbb97e4bdd1bb4943') in 0.005993 seconds 
========================================================================
Received Import Request.
  Time since last request: 0.000024 seconds.
  path: Packages/com.microsoft.mixedreality.toolkit.foundation/Services/BoundarySystem/XR2018/MRTK.BoundarySystem.asmdef
  artifactKey: Guid(1cf2737e09ffe604188297bb5a076a4a) Importer(815301076,1909f56bfc062723c751e8b465ee728b)
Start importing Packages/com.microsoft.mixedreality.toolkit.foundation/Services/BoundarySystem/XR2018/MRTK.BoundarySystem.asmdef using Guid(1cf2737e09ffe604188297bb5a076a4a) Importer(815301076,1909f56bfc062723c751e8b465ee728b)  -> (artifact id: '53302720bc81fb75180772168cfb2f0c') in 0.006790 seconds 
========================================================================
Received Import Request.
  Time since last request: 0.000024 seconds.
  path: Packages/com.microsoft.mixedreality.toolkit.foundation/Services/SceneSystem/MRTK.SceneSystem.asmdef
  artifactKey: Guid(f72be350965fec445b124b4bf4284f1e) Importer(815301076,1909f56bfc062723c751e8b465ee728b)
Start importing Packages/com.microsoft.mixedreality.toolkit.foundation/Services/SceneSystem/MRTK.SceneSystem.asmdef using Guid(f72be350965fec445b124b4bf4284f1e) Importer(815301076,1909f56bfc062723c751e8b465ee728b)  -> (artifact id: '3d9324fcb9baf79f2ea802279a6dff97') in 0.005762 seconds 
========================================================================
Received Import Request.
  Time since last request: 0.000025 seconds.
  path: Packages/com.microsoft.mixedreality.toolkit.foundation/Core/Inspectors/MRTK.Inspectors.asmdef
  artifactKey: Guid(3fd8365dd9cf49cc9886d651945cdaae) Importer(815301076,1909f56bfc062723c751e8b465ee728b)
Start importing Packages/com.microsoft.mixedreality.toolkit.foundation/Core/Inspectors/MRTK.Inspectors.asmdef using Guid(3fd8365dd9cf49cc9886d651945cdaae) Importer(815301076,1909f56bfc062723c751e8b465ee728b)  -> (artifact id: 'fc43c65eec81c3c2d7bad32d8bddcdd4') in 0.005462 seconds 
========================================================================
Received Import Request.
  Time since last request: 0.000026 seconds.
  path: Packages/com.microsoft.mixedreality.toolkit.examples/StandardAssets/Materials/MatrixMRTKStandardNoReflections.mat
  artifactKey: Guid(1081bb6a99e9478fa8980ca41beec8c2) Importer(815301076,1909f56bfc062723c751e8b465ee728b)
Start importing Packages/com.microsoft.mixedreality.toolkit.examples/StandardAssets/Materials/MatrixMRTKStandardNoReflections.mat using Guid(1081bb6a99e9478fa8980ca41beec8c2) Importer(815301076,1909f56bfc062723c751e8b465ee728b)  -> (artifact id: '7cb4f16d7dea1d1fc94696cc0e4cf377') in 0.062685 seconds 
========================================================================
Received Import Request.
  Time since last request: 0.000022 seconds.
  path: Packages/com.microsoft.mixedreality.toolkit.foundation/Providers/Oculus/XRSDK/MRTK-Quest/Art/Branding/MRTK-Quest_Logo.png
  artifactKey: Guid(f05f7ccd01024a3489ae7db829b37924) Importer(815301076,1909f56bfc062723c751e8b465ee728b)
Start importing Packages/com.microsoft.mixedreality.toolkit.foundation/Providers/Oculus/XRSDK/MRTK-Quest/Art/Branding/MRTK-Quest_Logo.png using Guid(f05f7ccd01024a3489ae7db829b37924) Importer(815301076,1909f56bfc062723c751e8b465ee728b)  -> (artifact id: '91c11b22a17dd3989eac7b1d76a59750') in 0.067650 seconds 
========================================================================
Received Import Request.
  Time since last request: 0.000028 seconds.
  path: Packages/com.microsoft.mixedreality.toolkit.foundation/Core/Utilities/Async/MRTK.Async.asmdef
  artifactKey: Guid(9fbc8fd1d6852be45a58bd547a8cb17e) Importer(815301076,1909f56bfc062723c751e8b465ee728b)
Start importing Packages/com.microsoft.mixedreality.toolkit.foundation/Core/Utilities/Async/MRTK.Async.asmdef using Guid(9fbc8fd1d6852be45a58bd547a8cb17e) Importer(815301076,1909f56bfc062723c751e8b465ee728b)  -> (artifact id: '58dd9ea3d5b16da7866164b72b5d8fd6') in 0.008325 seconds 
========================================================================
Received Import Request.
  Time since last request: 0.000035 seconds.
  path: Packages/com.microsoft.mixedreality.toolkit.foundation/Core/Inspectors/ServiceInspectors/MRTK.ServiceInspectors.asmdef
  artifactKey: Guid(8213dc10c274b714cb89afec31623845) Importer(815301076,1909f56bfc062723c751e8b465ee728b)
Start importing Packages/com.microsoft.mixedreality.toolkit.foundation/Core/Inspectors/ServiceInspectors/MRTK.ServiceInspectors.asmdef using Guid(8213dc10c274b714cb89afec31623845) Importer(815301076,1909f56bfc062723c751e8b465ee728b)  -> (artifact id: '8212b236d79914bad6255d4b54f4f707') in 0.005274 seconds 
========================================================================
Received Import Request.
  Time since last request: 0.000024 seconds.
  path: Packages/com.microsoft.mixedreality.toolkit.foundation/Services/InputSystem/Editor/MRTK.InputSystem.Editor.asmdef
  artifactKey: Guid(8eb5c41a66d79584997ac78c84bd18fb) Importer(815301076,1909f56bfc062723c751e8b465ee728b)
Start importing Packages/com.microsoft.mixedreality.toolkit.foundation/Services/InputSystem/Editor/MRTK.InputSystem.Editor.asmdef using Guid(8eb5c41a66d79584997ac78c84bd18fb) Importer(815301076,1909f56bfc062723c751e8b465ee728b)  -> (artifact id: 'f98c468fbe8179661d5b8a74af1c714e') in 0.005821 seconds 
========================================================================
Received Import Request.
  Time since last request: 0.000023 seconds.
  path: Packages/com.microsoft.mixedreality.toolkit.foundation/Services/TeleportSystem/MRTK.TeleportSystem.asmdef
  artifactKey: Guid(1038bb892c0317449a0393a65b1c69ee) Importer(815301076,1909f56bfc062723c751e8b465ee728b)
Start importing Packages/com.microsoft.mixedreality.toolkit.foundation/Services/TeleportSystem/MRTK.TeleportSystem.asmdef using Guid(1038bb892c0317449a0393a65b1c69ee) Importer(815301076,1909f56bfc062723c751e8b465ee728b)  -> (artifact id: '7c8428253cd04efc9c11793674630f80') in 0.005973 seconds 
========================================================================
Received Import Request.
  Time since last request: 0.000024 seconds.
  path: Packages/com.microsoft.mixedreality.toolkit.foundation/Core/MRTK.Core.asmdef
  artifactKey: Guid(a7a4c34601384f9389d5c4207f3c6331) Importer(815301076,1909f56bfc062723c751e8b465ee728b)
Start importing Packages/com.microsoft.mixedreality.toolkit.foundation/Core/MRTK.Core.asmdef using Guid(a7a4c34601384f9389d5c4207f3c6331) Importer(815301076,1909f56bfc062723c751e8b465ee728b)  -> (artifact id: '63abd211b844ac72a07199b6da076ada') in 0.005749 seconds 
========================================================================
Received Import Request.
  Time since last request: 0.000025 seconds.
  path: Packages/com.microsoft.mixedreality.toolkit.foundation/Services/SpatialAwarenessSystem/MRTK.SpatialAwarenessSystem.asmdef
  artifactKey: Guid(63f0a3b76da44df4eb06704454845950) Importer(815301076,1909f56bfc062723c751e8b465ee728b)
Start importing Packages/com.microsoft.mixedreality.toolkit.foundation/Services/SpatialAwarenessSystem/MRTK.SpatialAwarenessSystem.asmdef using Guid(63f0a3b76da44df4eb06704454845950) Importer(815301076,1909f56bfc062723c751e8b465ee728b)  -> (artifact id: '847202e246b6fb1d07e9aa752d1a06d7') in 0.005876 seconds 
Editor requested this worker to shutdown with reason: Scaling down because of idle timeout
AssetImportWorker is now disconnected from the server
Process exiting
Exiting without the bug reporter. Application will terminate with return code 0